{"logTime": "1024/021616", "correlationVector":"L/t1lKMGtT4xQJHM6NHtne.3","action":"GetUpdates Response", "result":"SYNCER_OK", "context":Received 3 update(s). cV=L/t1lKMGtT4xQJHM6NHtne.0;server=GENERAL0100002B;cloudType=Consumer;environment=Prod_EastUS2_000e;migrationStage=NotStarted}
{"logTime": "1024/021616", "correlationVector":"h9LMrpPnG0vKdy5nBsMZaj","action":"Commit Request", "result":"", "context":Item count: 1
Contributing types: Sessions}
{"logTime": "1024/021616", "correlationVector":"h9LMrpPnG0vKdy5nBsMZaj.1","action":"SyncServerConnectionManagerRequest", "result":"SYNC_SERVER_OK", "context":{"environment":"Prod_EastUS2_000e", "migrationStage":"NotStarted", "server":"GENERAL0100000M"}}
{"logTime": "1024/021616", "correlationVector":"h9LMrpPnG0vKdy5nBsMZaj.2","action":"Commit Response", "result":"SYNCER_OK", "context":Result: SYNCER_OK. cV=h9LMrpPnG0vKdy5nBsMZaj.0;server=GENERAL0100000M;cloudType=Consumer;environment=Prod_EastUS2_000e;migrationStage=NotStarted}
{"logTime": "1024/021646", "correlationVector":"6HVD3jDJLqyK3J4DcrqMSF","action":"Commit Request", "result":"", "context":Item count: 1
Contributing types: Sessions}
{"logTime": "1024/021646", "correlationVector":"6HVD3jDJLqyK3J4DcrqMSF.1","action":"SyncServerConnectionManagerRequest", "result":"SYNC_SERVER_OK", "context":{"environment":"Prod_EastUS2_000e", "migrationStage":"NotStarted", "server":"GENERAL01000020"}}
{"logTime": "1024/021646", "correlationVector":"6HVD3jDJLqyK3J4DcrqMSF.2","action":"Commit Response", "result":"SYNCER_OK", "context":Result: SYNCER_OK. cV=6HVD3jDJLqyK3J4DcrqMSF.0;server=GENERAL01000020;cloudType=Consumer;environment=Prod_EastUS2_000e;migrationStage=NotStarted}
{"logTime": "1024/034146", "correlationVector":"4YeqjpKQessHB+Su+z3z4U.0","action":"FeedSettingFetch_homeCloud", "result":"0", "context":{}}
{"logTime": "1024/034146", "correlationVector":"9AGvffsIz17M9wBEZDCj4b.1","action":"SyncServerConnectionManagerRequest", "result":"SYNC_SERVER_OK", "context":{"environment":"Prod_EastUS2_000e", "migrationStage":"NotStarted", "server":"GENERAL0100001S"}}
{"logTime": "1024/034146", "correlationVector":"9AGvffsIz17M9wBEZDCj4b","action":"Initial GetUpdates", "result":"", "context":Reason: NEW_CLIENT. cV=9AGvffsIz17M9wBEZDCj4b}
{"logTime": "1024/034146", "correlationVector":"9AGvffsIz17M9wBEZDCj4b.2","action":"GetUpdates Response", "result":"SYNCER_OK", "context":Received 1 update(s). cV=9AGvffsIz17M9wBEZDCj4b.0;server=GENERAL0100001S;cloudType=Consumer;environment=Prod_EastUS2_000e;migrationStage=NotStarted}
{"logTime": "1024/034146", "correlationVector":"9x78NqIHUUztsBCJjO/9tU","action":"SyncServerConnectionManagerRequest", "result":"SYNC_SERVER_OK", "context":{"environment":"", "migrationStage":"", "server":""}}
{"logTime": "1024/034146", "correlationVector":"6gerOBicgxU/Q8Al5eVUfK","action":"Initial GetUpdates", "result":"", "context":Reason: NEWLY_SUPPORTED_DATATYPE. cV=6gerOBicgxU/Q8Al5eVUfK}
{"logTime": "1024/034146", "correlationVector":"6gerOBicgxU/Q8Al5eVUfK.1","action":"SyncServerConnectionManagerRequest", "result":"SYNC_SERVER_OK", "context":{"environment":"Prod_EastUS2_000e", "migrationStage":"NotStarted", "server":"GENERAL01000030"}}
{"logTime": "1024/034146", "correlationVector":"6gerOBicgxU/Q8Al5eVUfK.2","action":"GetUpdates Response", "result":"SYNCER_OK", "context":Received 111 update(s). cV=6gerOBicgxU/Q8Al5eVUfK.0;server=GENERAL01000030;cloudType=Consumer;environment=Prod_EastUS2_000e;migrationStage=NotStarted}
{"logTime": "1024/034147", "correlationVector":"xcIPk7rJ9Rd7E6f7J7A+BR","action":"Normal GetUpdate request", "result":"", "context":cV=xcIPk7rJ9Rd7E6f7J7A+BR
Nudged types: Sessions, User Consents
Refresh requested types: Bookmarks, Preferences, Passwords, Autofill Profiles, Autofill, Autofill Custom Data, Typed URLs, Extensions, Sessions, Extension settings, History Delete Directives, Device Info, User Consents, Send Tab To Self, Web Apps, Collection, Edge E Drop, Edge Hub App Usage, Edge Wallet, Encryption Keys}
{"logTime": "1024/034147", "correlationVector":"xcIPk7rJ9Rd7E6f7J7A+BR.1","action":"SyncServerConnectionManagerRequest", "result":"SYNC_SERVER_OK", "context":{"environment":"Prod_EastUS2_000e", "migrationStage":"NotStarted", "server":"GENERAL01000029"}}
{"logTime": "1024/034147", "correlationVector":"xcIPk7rJ9Rd7E6f7J7A+BR.2","action":"GetUpdates", "result":"DeleteReceived", "context":{"id":"b311b43d-4c5a-4bf4-b95f-ba094320d650", "isDeleted:":"true", "version":"1698113888469"}}
{"logTime": "1024/034147", "correlationVector":"xcIPk7rJ9Rd7E6f7J7A+BR.3","action":"GetUpdates Response", "result":"SYNCER_OK", "context":Received 3 update(s). cV=xcIPk7rJ9Rd7E6f7J7A+BR.0;server=GENERAL01000029;cloudType=Consumer;environment=Prod_EastUS2_000e;migrationStage=NotStarted}
{"logTime": "1024/034147", "correlationVector":"8ScHLGw9MpmSHWn2JnF6mr","action":"Commit Request", "result":"", "context":Item count: 1
Contributing types: User Consents}
{"logTime": "1024/034147", "correlationVector":"8ScHLGw9MpmSHWn2JnF6mr.1","action":"SyncServerConnectionManagerRequest", "result":"SYNC_SERVER_OK", "context":{"environment":"Prod_EastUS2_000e", "migrationStage":"NotStarted", "server":"GENERAL0100003C"}}
{"logTime": "1024/034147", "correlationVector":"8ScHLGw9MpmSHWn2JnF6mr.2","action":"Commit Response", "result":"SYNCER_OK", "context":Result: SYNCER_OK. cV=8ScHLGw9MpmSHWn2JnF6mr.0;server=GENERAL0100003C;cloudType=Consumer;environment=Prod_EastUS2_000e;migrationStage=NotStarted}
{"logTime": "1024/034148", "correlationVector":"oA3FsAexw38K7dugDYCWBj","action":"Normal GetUpdate request", "result":"", "context":cV=oA3FsAexw38K7dugDYCWBj
Nudged types: Sessions}
{"logTime": "1024/034148", "correlationVector":"oA3FsAexw38K7dugDYCWBj.1","action":"SyncServerConnectionManagerRequest", "result":"SYNC_SERVER_OK", "context":{"environment":"Prod_EastUS2_000e", "migrationStage":"NotStarted", "server":"GENERAL0100002S"}}
{"logTime": "1024/034148", "correlationVector":"oA3FsAexw38K7dugDYCWBj.2","action":"GetUpdates Response", "result":"SYNCER_OK", "context":Received 0 update(s). cV=oA3FsAexw38K7dugDYCWBj.0;server=GENERAL0100002S;cloudType=Consumer;environment=Prod_EastUS2_000e;migrationStage=NotStarted}
{"logTime": "1024/034148", "correlationVector":"dboeDF/RWHdx9TXAen3Ohg","action":"Commit Request", "result":"", "context":Item count: 2
Contributing types: Sessions}
{"logTime": "1024/034148", "correlationVector":"dboeDF/RWHdx9TXAen3Ohg.1","action":"SyncServerConnectionManagerRequest", "result":"SYNC_SERVER_OK", "context":{"environment":"Prod_EastUS2_000e", "migrationStage":"NotStarted", "server":"GENERAL0100000T"}}
{"logTime": "1024/034148", "correlationVector":"dboeDF/RWHdx9TXAen3Ohg.2","action":"Commit Response", "result":"SYNCER_OK", "context":Result: SYNCER_OK. cV=dboeDF/RWHdx9TXAen3Ohg.0;server=GENERAL0100000T;cloudType=Consumer;environment=Prod_EastUS2_000e;migrationStage=NotStarted}
{"logTime": "1024/034202", "correlationVector":"5FftxbVEl5SW/0Faw0swCe","action":"Normal GetUpdate request", "result":"", "context":cV=5FftxbVEl5SW/0Faw0swCe
Nudged types: Sessions}
{"logTime": "1024/034202", "correlationVector":"5FftxbVEl5SW/0Faw0swCe.1","action":"SyncServerConnectionManagerRequest", "result":"SYNC_SERVER_OK", "context":{"environment":"Prod_EastUS2_000e", "migrationStage":"NotStarted", "server":"GENERAL01000039"}}
{"logTime": "1024/034202", "correlationVector":"5FftxbVEl5SW/0Faw0swCe.2","action":"GetUpdates Response", "result":"SYNCER_OK", "context":Received 2 update(s). cV=5FftxbVEl5SW/0Faw0swCe.0;server=GENERAL01000039;cloudType=Consumer;environment=Prod_EastUS2_000e;migrationStage=NotStarted}
{"logTime": "1024/034203", "correlationVector":"UguOnuRQTAjACSVs6ojvpA","action":"Commit Request", "result":"", "context":Item count: 1
Contributing types: Sessions}
{"logTime": "1024/034203", "correlationVector":"UguOnuRQTAjACSVs6ojvpA.1","action":"SyncServerConnectionManagerRequest", "result":"SYNC_SERVER_OK", "context":{"environment":"Prod_EastUS2_000e", "migrationStage":"NotStarted", "server":"GENERAL0100002K"}}
{"logTime": "1024/034203", "correlationVector":"UguOnuRQTAjACSVs6ojvpA.2","action":"Commit Response", "result":"SYNCER_OK", "context":Result: SYNCER_OK. cV=UguOnuRQTAjACSVs6ojvpA.0;server=GENERAL0100002K;cloudType=Consumer;environment=Prod_EastUS2_000e;migrationStage=NotStarted}
{"logTime": "1024/034550", "correlationVector":"gNHQdy4BKtTCn8Pi9PgXLW","action":"Commit Request", "result":"", "context":Item count: 1
Contributing types: Sessions}
{"logTime": "1024/034550", "correlationVector":"gNHQdy4BKtTCn8Pi9PgXLW.1","action":"SyncServerConnectionManagerRequest", "result":"SYNC_SERVER_OK", "context":{"environment":"Prod_EastUS2_000e", "migrationStage":"NotStarted", "server":"GENERAL01000006"}}
{"logTime": "1024/034550", "correlationVector":"gNHQdy4BKtTCn8Pi9PgXLW.2","action":"Commit Response", "result":"SYNCER_OK", "context":Result: SYNCER_OK. cV=gNHQdy4BKtTCn8Pi9PgXLW.0;server=GENERAL01000006;cloudType=Consumer;environment=Prod_EastUS2_000e;migrationStage=NotStarted}
{"logTime": "1024/034621", "correlationVector":"79iHbbpMER5qiV9DuL1tXl","action":"Commit Request", "result":"", "context":Item count: 1
Contributing types: Sessions}
{"logTime": "1024/034621", "correlationVector":"79iHbbpMER5qiV9DuL1tXl.1","action":"SyncServerConnectionManagerRequest", "result":"SYNC_SERVER_OK", "context":{"environment":"Prod_EastUS2_000e", "migrationStage":"NotStarted", "server":"GENERAL01000009"}}
{"logTime": "1024/034621", "correlationVector":"79iHbbpMER5qiV9DuL1tXl.2","action":"Commit Response", "result":"SYNCER_OK", "context":Result: SYNCER_OK. cV=79iHbbpMER5qiV9DuL1tXl.0;server=GENERAL01000009;cloudType=Consumer;environment=Prod_EastUS2_000e;migrationStage=NotStarted}
{"logTime": "1024/034928", "correlationVector":"6pOeX+Or3Qk2PvBJ1ZVSkh","action":"Commit Request", "result":"", "context":Item count: 1
Contributing types: Sessions}
{"logTime": "1024/034929", "correlationVector":"6pOeX+Or3Qk2PvBJ1ZVSkh.1","action":"SyncServerConnectionManagerRequest", "result":"SYNC_SERVER_OK", "context":{"environment":"Prod_EastUS2_000e", "migrationStage":"NotStarted", "server":"GENERAL0100000F"}}
{"logTime": "1024/034929", "correlationVector":"6pOeX+Or3Qk2PvBJ1ZVSkh.2","action":"Commit Response", "result":"SYNCER_OK", "context":Result: SYNCER_OK. cV=6pOeX+Or3Qk2PvBJ1ZVSkh.0;server=GENERAL0100000F;cloudType=Consumer;environment=Prod_EastUS2_000e;migrationStage=NotStarted}
{"logTime": "1024/034959", "correlationVector":"m3Ox7/OsWGnUDMG5Bn0WVy","action":"Commit Request", "result":"", "context":Item count: 1
Contributing types: Sessions}
{"logTime": "1024/034959", "correlationVector":"m3Ox7/OsWGnUDMG5Bn0WVy.1","action":"SyncServerConnectionManagerRequest", "result":"SYNC_SERVER_OK", "context":{"environment":"Prod_EastUS2_000e", "migrationStage":"NotStarted", "server":"GENERAL0100003A"}}
{"logTime": "1024/034959", "correlationVector":"m3Ox7/OsWGnUDMG5Bn0WVy.2","action":"Commit Response", "result":"SYNCER_OK", "context":Result: SYNCER_OK. cV=m3Ox7/OsWGnUDMG5Bn0WVy.0;server=GENERAL0100003A;cloudType=Consumer;environment=Prod_EastUS2_000e;migrationStage=NotStarted}
{"logTime": "1024/035327", "correlationVector":"kGaItcoYO58HIKzu6m+TfZ","action":"Commit Request", "result":"", "context":Item count: 1
Contributing types: Sessions}
{"logTime": "1024/035327", "correlationVector":"kGaItcoYO58HIKzu6m+TfZ.1","action":"SyncServerConnectionManagerRequest", "result":"SYNC_SERVER_OK", "context":{"environment":"Prod_EastUS2_000e", "migrationStage":"NotStarted", "server":"general01000004"}}
{"logTime": "1024/035327", "correlationVector":"kGaItcoYO58HIKzu6m+TfZ.2","action":"Commit Response", "result":"SYNCER_OK", "context":Result: SYNCER_OK. cV=kGaItcoYO58HIKzu6m+TfZ.0;server=general01000004;cloudType=Consumer;environment=Prod_EastUS2_000e;migrationStage=NotStarted}
{"logTime": "1024/035940", "correlationVector":"6KiLX+JDo2PAAdl8hHMvHN","action":"Commit Request", "result":"", "context":Item count: 1
Contributing types: Sessions}
{"logTime": "1024/035940", "correlationVector":"6KiLX+JDo2PAAdl8hHMvHN.1","action":"SyncServerConnectionManagerRequest", "result":"SYNC_SERVER_OK", "context":{"environment":"Prod_EastUS2_000e", "migrationStage":"NotStarted", "server":"GENERAL0100002F"}}
{"logTime": "1024/035940", "correlationVector":"6KiLX+JDo2PAAdl8hHMvHN.2","action":"Commit Response", "result":"SYNCER_OK", "context":Result: SYNCER_OK. cV=6KiLX+JDo2PAAdl8hHMvHN.0;server=GENERAL0100002F;cloudType=Consumer;environment=Prod_EastUS2_000e;migrationStage=NotStarted}
{"logTime": "1024/040016", "correlationVector":"t3IRI+rWTUTtmkYGxCYhqC","action":"Commit Request", "result":"", "context":Item count: 1
Contributing types: Sessions}
{"logTime": "1024/040016", "correlationVector":"t3IRI+rWTUTtmkYGxCYhqC.1","action":"SyncServerConnectionManagerRequest", "result":"SYNC_SERVER_OK", "context":{"environment":"Prod_EastUS2_000e", "migrationStage":"NotStarted", "server":"GENERAL0100002H"}}
{"logTime": "1024/040016", "correlationVector":"t3IRI+rWTUTtmkYGxCYhqC.2","action":"Commit Response", "result":"SYNCER_OK", "context":Result: SYNCER_OK. cV=t3IRI+rWTUTtmkYGxCYhqC.0;server=GENERAL0100002H;cloudType=Consumer;environment=Prod_EastUS2_000e;migrationStage=NotStarted}
{"logTime": "1024/040140", "correlationVector":"p9oURwRz6ZqiiREWrXCxwk","action":"Commit Request", "result":"", "context":Item count: 1
Contributing types: Sessions}
{"logTime": "1024/040140", "correlationVector":"p9oURwRz6ZqiiREWrXCxwk.1","action":"SyncServerConnectionManagerRequest", "result":"SYNC_SERVER_OK", "context":{"environment":"Prod_EastUS2_000e", "migrationStage":"NotStarted", "server":"general0100002X"}}
{"logTime": "1024/040140", "correlationVector":"p9oURwRz6ZqiiREWrXCxwk.2","action":"Commit Response", "result":"SYNCER_OK", "context":Result: SYNCER_OK. cV=p9oURwRz6ZqiiREWrXCxwk.0;server=general0100002X;cloudType=Consumer;environment=Prod_EastUS2_000e;migrationStage=NotStarted}
{"logTime": "1024/040242", "correlationVector":"cy9LOrJyussHc7qJETe3ZI","action":"Commit Request", "result":"", "context":Item count: 1
Contributing types: Sessions}
{"logTime": "1024/040243", "correlationVector":"cy9LOrJyussHc7qJETe3ZI.1","action":"SyncServerConnectionManagerRequest", "result":"SYNC_SERVER_OK", "context":{"environment":"Prod_EastUS2_000e", "migrationStage":"NotStarted", "server":"GENERAL01000010"}}
{"logTime": "1024/040243", "correlationVector":"cy9LOrJyussHc7qJETe3ZI.2","action":"Commit Response", "result":"SYNCER_OK", "context":Result: SYNCER_OK. cV=cy9LOrJyussHc7qJETe3ZI.0;server=GENERAL01000010;cloudType=Consumer;environment=Prod_EastUS2_000e;migrationStage=NotStarted}
{"logTime": "1024/040330", "correlationVector":"YX7LBo/Dln/3+nhtP4iBgu","action":"Commit Request", "result":"", "context":Item count: 1
Contributing types: Sessions}
{"logTime": "1024/040331", "correlationVector":"YX7LBo/Dln/3+nhtP4iBgu.1","action":"SyncServerConnectionManagerRequest", "result":"SYNC_SERVER_OK", "context":{"environment":"Prod_EastUS2_000e", "migrationStage":"NotStarted", "server":"GENERAL0100000I"}}
{"logTime": "1024/040331", "correlationVector":"YX7LBo/Dln/3+nhtP4iBgu.2","action":"Commit Response", "result":"SYNCER_OK", "context":Result: SYNCER_OK. cV=YX7LBo/Dln/3+nhtP4iBgu.0;server=GENERAL0100000I;cloudType=Consumer;environment=Prod_EastUS2_000e;migrationStage=NotStarted}
{"logTime": "1024/040458", "correlationVector":"CYnoc+XPOO+QWd+A+WIz7y","action":"Commit Request", "result":"", "context":Item count: 1
Contributing types: Sessions}
{"logTime": "1024/040458", "correlationVector":"CYnoc+XPOO+QWd+A+WIz7y.1","action":"SyncServerConnectionManagerRequest", "result":"SYNC_SERVER_OK", "context":{"environment":"Prod_EastUS2_000e", "migrationStage":"NotStarted", "server":"GENERAL01000032"}}
{"logTime": "1024/040458", "correlationVector":"CYnoc+XPOO+QWd+A+WIz7y.2","action":"Commit Response", "result":"SYNCER_OK", "context":Result: SYNCER_OK. cV=CYnoc+XPOO+QWd+A+WIz7y.0;server=GENERAL01000032;cloudType=Consumer;environment=Prod_EastUS2_000e;migrationStage=NotStarted}
{"logTime": "1024/040638", "correlationVector":"p/85H8EC0n6ZcKbQN8AQ/r","action":"Commit Request", "result":"", "context":Item count: 4
Contributing types: Preferences, Sessions, Edge Hub App Usage}
{"logTime": "1024/040639", "correlationVector":"p/85H8EC0n6ZcKbQN8AQ/r.1","action":"SyncServerConnectionManagerRequest", "result":"SYNC_SERVER_OK", "context":{"environment":"Prod_EastUS2_000e", "migrationStage":"NotStarted", "server":"GENERAL0100003B"}}
{"logTime": "1024/040639", "correlationVector":"p/85H8EC0n6ZcKbQN8AQ/r.2","action":"Commit Response", "result":"SYNCER_OK", "context":Result: SYNCER_OK. cV=p/85H8EC0n6ZcKbQN8AQ/r.0;server=GENERAL0100003B;cloudType=Consumer;environment=Prod_EastUS2_000e;migrationStage=NotStarted}
{"logTime": "1024/040641", "correlationVector":"mtARnrKC1/LNRqN7oy2DHn","action":"Commit Request", "result":"", "context":Item count: 1
Contributing types: Edge Hub App Usage}
{"logTime": "1024/040641", "correlationVector":"mtARnrKC1/LNRqN7oy2DHn.1","action":"SyncServerConnectionManagerRequest", "result":"SYNC_SERVER_OK", "context":{"environment":"Prod_EastUS2_000e", "migrationStage":"NotStarted", "server":"GENERAL0100002N"}}
{"logTime": "1024/040641", "correlationVector":"mtARnrKC1/LNRqN7oy2DHn.2","action":"Commit Response", "result":"SYNCER_OK", "context":Result: SYNCER_OK. cV=mtARnrKC1/LNRqN7oy2DHn.0;server=GENERAL0100002N;cloudType=Consumer;environment=Prod_EastUS2_000e;migrationStage=NotStarted}
{"logTime": "1024/040729", "correlationVector":"7tDZs7Wxhbfs424Q2WxQre","action":"Commit Request", "result":"", "context":Item count: 1
Contributing types: Sessions}
{"logTime": "1024/040729", "correlationVector":"7tDZs7Wxhbfs424Q2WxQre.1","action":"SyncServerConnectionManagerRequest", "result":"SYNC_SERVER_OK", "context":{"environment":"Prod_EastUS2_000e", "migrationStage":"NotStarted", "server":"GENERAL0100000G"}}
{"logTime": "1024/040729", "correlationVector":"7tDZs7Wxhbfs424Q2WxQre.2","action":"Commit Response", "result":"SYNCER_OK", "context":Result: SYNCER_OK. cV=7tDZs7Wxhbfs424Q2WxQre.0;server=GENERAL0100000G;cloudType=Consumer;environment=Prod_EastUS2_000e;migrationStage=NotStarted}
{"logTime": "1024/040810", "correlationVector":"1+PCDziN6ud6m6NNix+0uL","action":"Commit Request", "result":"", "context":Item count: 1
Contributing types: Sessions}
{"logTime": "1024/040811", "correlationVector":"1+PCDziN6ud6m6NNix+0uL.1","action":"SyncServerConnectionManagerRequest", "result":"SYNC_SERVER_OK", "context":{"environment":"Prod_EastUS2_000e", "migrationStage":"NotStarted", "server":"GENERAL01000017"}}
{"logTime": "1024/040811", "correlationVector":"1+PCDziN6ud6m6NNix+0uL.2","action":"Commit Response", "result":"SYNCER_OK", "context":Result: SYNCER_OK. cV=1+PCDziN6ud6m6NNix+0uL.0;server=GENERAL01000017;cloudType=Consumer;environment=Prod_EastUS2_000e;migrationStage=NotStarted}
{"logTime": "1024/040956", "correlationVector":"NdaqBnZlEXh2UdZJinLpq8","action":"Commit Request", "result":"", "context":Item count: 1
Contributing types: Sessions}
{"logTime": "1024/040956", "correlationVector":"NdaqBnZlEXh2UdZJinLpq8.1","action":"SyncServerConnectionManagerRequest", "result":"SYNC_SERVER_OK", "context":{"environment":"Prod_EastUS2_000e", "migrationStage":"NotStarted", "server":"GENERAL01000031"}}
{"logTime": "1024/040956", "correlationVector":"NdaqBnZlEXh2UdZJinLpq8.2","action":"Commit Response", "result":"SYNCER_OK", "context":Result: SYNCER_OK. cV=NdaqBnZlEXh2UdZJinLpq8.0;server=GENERAL01000031;cloudType=Consumer;environment=Prod_EastUS2_000e;migrationStage=NotStarted}
{"logTime": "1024/041057", "correlationVector":"aRfZNKin2DJ5XHi3ypx5gU","action":"Commit Request", "result":"", "context":Item count: 1
Contributing types: Sessions}
{"logTime": "1024/041057", "correlationVector":"aRfZNKin2DJ5XHi3ypx5gU.1","action":"SyncServerConnectionManagerRequest", "result":"SYNC_SERVER_OK", "context":{"environment":"Prod_EastUS2_000e", "migrationStage":"NotStarted", "server":"GENERAL0100000B"}}
{"logTime": "1024/041057", "correlationVector":"aRfZNKin2DJ5XHi3ypx5gU.2","action":"Commit Response", "result":"SYNCER_OK", "context":Result: SYNCER_OK. cV=aRfZNKin2DJ5XHi3ypx5gU.0;server=GENERAL0100000B;cloudType=Consumer;environment=Prod_EastUS2_000e;migrationStage=NotStarted}
{"logTime": "1024/041217", "correlationVector":"YPpE2Ewb82awXe1DQF/SEc","action":"Commit Request", "result":"", "context":Item count: 1
Contributing types: Sessions}
{"logTime": "1024/041217", "correlationVector":"YPpE2Ewb82awXe1DQF/SEc.1","action":"SyncServerConnectionManagerRequest", "result":"SYNC_SERVER_OK", "context":{"environment":"Prod_EastUS2_000e", "migrationStage":"NotStarted", "server":"GENERAL01000022"}}
{"logTime": "1024/041217", "correlationVector":"YPpE2Ewb82awXe1DQF/SEc.2","action":"Commit Response", "result":"SYNCER_OK", "context":Result: SYNCER_OK. cV=YPpE2Ewb82awXe1DQF/SEc.0;server=GENERAL01000022;cloudType=Consumer;environment=Prod_EastUS2_000e;migrationStage=NotStarted}
{"logTime": "1024/041400", "correlationVector":"ykpP2akwsdI6pd6MiUn8tT","action":"Commit Request", "result":"", "context":Item count: 1
Contributing types: Sessions}
{"logTime": "1024/041400", "correlationVector":"ykpP2akwsdI6pd6MiUn8tT.1","action":"SyncServerConnectionManagerRequest", "result":"SYNC_SERVER_OK", "context":{"environment":"Prod_EastUS2_000e", "migrationStage":"NotStarted", "server":"GENERAL0100001U"}}
{"logTime": "1024/041400", "correlationVector":"ykpP2akwsdI6pd6MiUn8tT.2","action":"Commit Response", "result":"SYNCER_OK", "context":Result: SYNCER_OK. cV=ykpP2akwsdI6pd6MiUn8tT.0;server=GENERAL0100001U;cloudType=Consumer;environment=Prod_EastUS2_000e;migrationStage=NotStarted}
{"logTime": "1024/041451", "correlationVector":"H5EQrTR25kF24RQPXSTeE8","action":"Commit Request", "result":"", "context":Item count: 1
Contributing types: Sessions}
{"logTime": "1024/041451", "correlationVector":"H5EQrTR25kF24RQPXSTeE8.1","action":"SyncServerConnectionManagerRequest", "result":"SYNC_SERVER_OK", "context":{"environment":"Prod_EastUS2_000e", "migrationStage":"NotStarted", "server":"GENERAL0100001S"}}
{"logTime": "1024/041451", "correlationVector":"H5EQrTR25kF24RQPXSTeE8.2","action":"Commit Response", "result":"SYNCER_OK", "context":Result: SYNCER_OK. cV=H5EQrTR25kF24RQPXSTeE8.0;server=GENERAL0100001S;cloudType=Consumer;environment=Prod_EastUS2_000e;migrationStage=NotStarted}
{"logTime": "1024/041556", "correlationVector":"LVCaPk9tcTo3D0HHpPfBB0","action":"Commit Request", "result":"", "context":Item count: 1
Contributing types: Sessions}
{"logTime": "1024/041556", "correlationVector":"LVCaPk9tcTo3D0HHpPfBB0.1","action":"SyncServerConnectionManagerRequest", "result":"SYNC_SERVER_OK", "context":{"environment":"Prod_EastUS2_000e", "migrationStage":"NotStarted", "server":"GENERAL0100002K"}}
{"logTime": "1024/041556", "correlationVector":"LVCaPk9tcTo3D0HHpPfBB0.2","action":"Commit Response", "result":"SYNCER_OK", "context":Result: SYNCER_OK. cV=LVCaPk9tcTo3D0HHpPfBB0.0;server=GENERAL0100002K;cloudType=Consumer;environment=Prod_EastUS2_000e;migrationStage=NotStarted}
{"logTime": "1024/041633", "correlationVector":"+7JLSdheNnoqqOE54TH1zL","action":"Commit Request", "result":"", "context":Item count: 1
Contributing types: Sessions}
{"logTime": "1024/041633", "correlationVector":"+7JLSdheNnoqqOE54TH1zL.1","action":"SyncServerConnectionManagerRequest", "result":"SYNC_SERVER_OK", "context":{"environment":"Prod_EastUS2_000e", "migrationStage":"NotStarted", "server":"GENERAL0100001K"}}
{"logTime": "1024/041633", "correlationVector":"+7JLSdheNnoqqOE54TH1zL.2","action":"Commit Response", "result":"SYNCER_OK", "context":Result: SYNCER_OK. cV=+7JLSdheNnoqqOE54TH1zL.0;server=GENERAL0100001K;cloudType=Consumer;environment=Prod_EastUS2_000e;migrationStage=NotStarted}
{"logTime": "1024/042059", "correlationVector":"i7TGeIGmpaS5HltEdqYBFL","action":"Commit Request", "result":"", "context":Item count: 1
Contributing types: Sessions}
{"logTime": "1024/042059", "correlationVector":"i7TGeIGmpaS5HltEdqYBFL.1","action":"SyncServerConnectionManagerRequest", "result":"SYNC_SERVER_OK", "context":{"environment":"Prod_EastUS2_000e", "migrationStage":"NotStarted", "server":"GENERAL0100002W"}}
{"logTime": "1024/042059", "correlationVector":"i7TGeIGmpaS5HltEdqYBFL.2","action":"Commit Response", "result":"SYNCER_OK", "context":Result: SYNCER_OK. cV=i7TGeIGmpaS5HltEdqYBFL.0;server=GENERAL0100002W;cloudType=Consumer;environment=Prod_EastUS2_000e;migrationStage=NotStarted}
{"logTime": "1024/042248", "correlationVector":"oxEEqX/yGasyYUPDflxWL0","action":"Commit Request", "result":"", "context":Item count: 1
Contributing types: Sessions}
{"logTime": "1024/042248", "correlationVector":"oxEEqX/yGasyYUPDflxWL0.1","action":"SyncServerConnectionManagerRequest", "result":"SYNC_SERVER_OK", "context":{"environment":"Prod_EastUS2_000e", "migrationStage":"NotStarted", "server":"GENERAL0100001W"}}
{"logTime": "1024/042248", "correlationVector":"oxEEqX/yGasyYUPDflxWL0.2","action":"Commit Response", "result":"SYNCER_OK", "context":Result: SYNCER_OK. cV=oxEEqX/yGasyYUPDflxWL0.0;server=GENERAL0100001W;cloudType=Consumer;environment=Prod_EastUS2_000e;migrationStage=NotStarted}
{"logTime": "1024/042337", "correlationVector":"+fXIF9tFMp+L1EQinnDLDK","action":"Commit Request", "result":"", "context":Item count: 1
Contributing types: Sessions}
{"logTime": "1024/042337", "correlationVector":"+fXIF9tFMp+L1EQinnDLDK.1","action":"SyncServerConnectionManagerRequest", "result":"SYNC_SERVER_OK", "context":{"environment":"Prod_EastUS2_000e", "migrationStage":"NotStarted", "server":"GENERAL0100002R"}}
{"logTime": "1024/042337", "correlationVector":"+fXIF9tFMp+L1EQinnDLDK.2","action":"Commit Response", "result":"SYNCER_OK", "context":Result: SYNCER_OK. cV=+fXIF9tFMp+L1EQinnDLDK.0;server=GENERAL0100002R;cloudType=Consumer;environment=Prod_EastUS2_000e;migrationStage=NotStarted}
{"logTime": "1024/042409", "correlationVector":"Zfd0p2rReY+8OPk9jFTvDC","action":"Commit Request", "result":"", "context":Item count: 1
Contributing types: Sessions}
{"logTime": "1024/042409", "correlationVector":"Zfd0p2rReY+8OPk9jFTvDC.1","action":"SyncServerConnectionManagerRequest", "result":"SYNC_SERVER_OK", "context":{"environment":"Prod_EastUS2_000e", "migrationStage":"NotStarted", "server":"GENERAL01000008"}}
{"logTime": "1024/042409", "correlationVector":"Zfd0p2rReY+8OPk9jFTvDC.2","action":"Commit Response", "result":"SYNCER_OK", "context":Result: SYNCER_OK. cV=Zfd0p2rReY+8OPk9jFTvDC.0;server=GENERAL01000008;cloudType=Consumer;environment=Prod_EastUS2_000e;migrationStage=NotStarted}
{"logTime": "1024/042448", "correlationVector":"NtVxjnzKB3kc5UM1Nn/Lur","action":"Commit Request", "result":"", "context":Item count: 1
Contributing types: Sessions}
{"logTime": "1024/042448", "correlationVector":"NtVxjnzKB3kc5UM1Nn/Lur.1","action":"SyncServerConnectionManagerRequest", "result":"SYNC_SERVER_OK", "context":{"environment":"Prod_EastUS2_000e", "migrationStage":"NotStarted", "server":"GENERAL01000033"}}
{"logTime": "1024/042448", "correlationVector":"NtVxjnzKB3kc5UM1Nn/Lur.2","action":"Commit Response", "result":"SYNCER_OK", "context":Result: SYNCER_OK. cV=NtVxjnzKB3kc5UM1Nn/Lur.0;server=GENERAL01000033;cloudType=Consumer;environment=Prod_EastUS2_000e;migrationStage=NotStarted}
{"logTime": "1024/042743", "correlationVector":"TgogjCMqYMKowRE8+LL3oL","action":"Commit Request", "result":"", "context":Item count: 1
Contributing types: Sessions}
{"logTime": "1024/042743", "correlationVector":"TgogjCMqYMKowRE8+LL3oL.1","action":"SyncServerConnectionManagerRequest", "result":"SYNC_SERVER_OK", "context":{"environment":"Prod_EastUS2_000e", "migrationStage":"NotStarted", "server":"GENERAL01000012"}}
{"logTime": "1024/042743", "correlationVector":"TgogjCMqYMKowRE8+LL3oL.2","action":"Commit Response", "result":"SYNCER_OK", "context":Result: SYNCER_OK. cV=TgogjCMqYMKowRE8+LL3oL.0;server=GENERAL01000012;cloudType=Consumer;environment=Prod_EastUS2_000e;migrationStage=NotStarted}
{"logTime": "1024/042859", "correlationVector":"6U88+SH/KaxhdNRO3K1q8Y","action":"Commit Request", "result":"", "context":Item count: 1
Contributing types: Sessions}
{"logTime": "1024/042859", "correlationVector":"6U88+SH/KaxhdNRO3K1q8Y.1","action":"SyncServerConnectionManagerRequest", "result":"SYNC_SERVER_OK", "context":{"environment":"Prod_EastUS2_000e", "migrationStage":"NotStarted", "server":"GENERAL0100000X"}}
{"logTime": "1024/042859", "correlationVector":"6U88+SH/KaxhdNRO3K1q8Y.2","action":"Commit Response", "result":"SYNCER_OK", "context":Result: SYNCER_OK. cV=6U88+SH/KaxhdNRO3K1q8Y.0;server=GENERAL0100000X;cloudType=Consumer;environment=Prod_EastUS2_000e;migrationStage=NotStarted}
{"logTime": "1024/043010", "correlationVector":"HRZBSqpaWRkHXYvhwaUnEt","action":"Commit Request", "result":"", "context":Item count: 1
Contributing types: Sessions}
{"logTime": "1024/043010", "correlationVector":"HRZBSqpaWRkHXYvhwaUnEt.1","action":"SyncServerConnectionManagerRequest", "result":"SYNC_SERVER_OK", "context":{"environment":"Prod_EastUS2_000e", "migrationStage":"NotStarted", "server":"GENERAL01000038"}}
{"logTime": "1024/043010", "correlationVector":"HRZBSqpaWRkHXYvhwaUnEt.2","action":"Commit Response", "result":"SYNCER_OK", "context":Result: SYNCER_OK. cV=HRZBSqpaWRkHXYvhwaUnEt.0;server=GENERAL01000038;cloudType=Consumer;environment=Prod_EastUS2_000e;migrationStage=NotStarted}
{"logTime": "1024/043144", "correlationVector":"IfHKHG2YAx9HMHYYbBErw8","action":"Commit Request", "result":"", "context":Item count: 1
Contributing types: Sessions}
{"logTime": "1024/043145", "correlationVector":"IfHKHG2YAx9HMHYYbBErw8.1","action":"SyncServerConnectionManagerRequest", "result":"SYNC_SERVER_OK", "context":{"environment":"Prod_EastUS2_000e", "migrationStage":"NotStarted", "server":"GENERAL0100003C"}}
{"logTime": "1024/043145", "correlationVector":"IfHKHG2YAx9HMHYYbBErw8.2","action":"Commit Response", "result":"SYNCER_OK", "context":Result: SYNCER_OK. cV=IfHKHG2YAx9HMHYYbBErw8.0;server=GENERAL0100003C;cloudType=Consumer;environment=Prod_EastUS2_000e;migrationStage=NotStarted}
{"logTime": "1024/043240", "correlationVector":"3919T1cu0rYw8cWLYaNyue","action":"Commit Request", "result":"", "context":Item count: 1
Contributing types: Sessions}
{"logTime": "1024/043240", "correlationVector":"3919T1cu0rYw8cWLYaNyue.1","action":"SyncServerConnectionManagerRequest", "result":"SYNC_SERVER_OK", "context":{"environment":"Prod_EastUS2_000e", "migrationStage":"NotStarted", "server":"GENERAL01000038"}}
{"logTime": "1024/043240", "correlationVector":"3919T1cu0rYw8cWLYaNyue.2","action":"Commit Response", "result":"SYNCER_OK", "context":Result: SYNCER_OK. cV=3919T1cu0rYw8cWLYaNyue.0;server=GENERAL01000038;cloudType=Consumer;environment=Prod_EastUS2_000e;migrationStage=NotStarted}
{"logTime": "1024/043326", "correlationVector":"t9TfuTkZI7OC2n69TeTodc","action":"Commit Request", "result":"", "context":Item count: 1
Contributing types: Sessions}
{"logTime": "1024/043326", "correlationVector":"t9TfuTkZI7OC2n69TeTodc.1","action":"SyncServerConnectionManagerRequest", "result":"SYNC_SERVER_OK", "context":{"environment":"Prod_EastUS2_000e", "migrationStage":"NotStarted", "server":"GENERAL0100001M"}}
{"logTime": "1024/043326", "correlationVector":"t9TfuTkZI7OC2n69TeTodc.2","action":"Commit Response", "result":"SYNCER_OK", "context":Result: SYNCER_OK. cV=t9TfuTkZI7OC2n69TeTodc.0;server=GENERAL0100001M;cloudType=Consumer;environment=Prod_EastUS2_000e;migrationStage=NotStarted}
{"logTime": "1024/043406", "correlationVector":"CpL5zwjkggCo0jaAnIQIYJ","action":"Commit Request", "result":"", "context":Item count: 1
Contributing types: Sessions}
{"logTime": "1024/043407", "correlationVector":"CpL5zwjkggCo0jaAnIQIYJ.1","action":"SyncServerConnectionManagerRequest", "result":"SYNC_SERVER_OK", "context":{"environment":"Prod_EastUS2_000e", "migrationStage":"NotStarted", "server":"GENERAL0100001E"}}
{"logTime": "1024/043407", "correlationVector":"CpL5zwjkggCo0jaAnIQIYJ.2","action":"Commit Response", "result":"SYNCER_OK", "context":Result: SYNCER_OK. cV=CpL5zwjkggCo0jaAnIQIYJ.0;server=GENERAL0100001E;cloudType=Consumer;environment=Prod_EastUS2_000e;migrationStage=NotStarted}
{"logTime": "1024/043500", "correlationVector":"li5XoFEwMY2ngr8ZA48NDg","action":"Commit Request", "result":"", "context":Item count: 1
Contributing types: Sessions}
{"logTime": "1024/043500", "correlationVector":"li5XoFEwMY2ngr8ZA48NDg.1","action":"SyncServerConnectionManagerRequest", "result":"SYNC_SERVER_OK", "context":{"environment":"Prod_EastUS2_000e", "migrationStage":"NotStarted", "server":"GENERAL01000010"}}
{"logTime": "1024/043500", "correlationVector":"li5XoFEwMY2ngr8ZA48NDg.2","action":"Commit Response", "result":"SYNCER_OK", "context":Result: SYNCER_OK. cV=li5XoFEwMY2ngr8ZA48NDg.0;server=GENERAL01000010;cloudType=Consumer;environment=Prod_EastUS2_000e;migrationStage=NotStarted}
{"logTime": "1024/043557", "correlationVector":"YqkYcAZn89zd+5qXylh3tt","action":"Commit Request", "result":"", "context":Item count: 1
Contributing types: Sessions}
{"logTime": "1024/043557", "correlationVector":"YqkYcAZn89zd+5qXylh3tt.1","action":"SyncServerConnectionManagerRequest", "result":"SYNC_SERVER_OK", "context":{"environment":"Prod_EastUS2_000e", "migrationStage":"NotStarted", "server":"GENERAL01000008"}}
{"logTime": "1024/043557", "correlationVector":"YqkYcAZn89zd+5qXylh3tt.2","action":"Commit Response", "result":"SYNCER_OK", "context":Result: SYNCER_OK. cV=YqkYcAZn89zd+5qXylh3tt.0;server=GENERAL01000008;cloudType=Consumer;environment=Prod_EastUS2_000e;migrationStage=NotStarted}
{"logTime": "1024/043700", "correlationVector":"BAv2r2efFMqRLuWlAxlLVY","action":"Commit Request", "result":"", "context":Item count: 1
Contributing types: Sessions}
{"logTime": "1024/043700", "correlationVector":"BAv2r2efFMqRLuWlAxlLVY.1","action":"SyncServerConnectionManagerRequest", "result":"SYNC_SERVER_OK", "context":{"environment":"Prod_EastUS2_000e", "migrationStage":"NotStarted", "server":"GENERAL01000030"}}
{"logTime": "1024/043700", "correlationVector":"BAv2r2efFMqRLuWlAxlLVY.2","action":"Commit Response", "result":"SYNCER_OK", "context":Result: SYNCER_OK. cV=BAv2r2efFMqRLuWlAxlLVY.0;server=GENERAL01000030;cloudType=Consumer;environment=Prod_EastUS2_000e;migrationStage=NotStarted}
{"logTime": "1024/043735", "correlationVector":"2jBZmtEYojGkEan1S3NMpM","action":"Commit Request", "result":"", "context":Item count: 1
Contributing types: Sessions}
{"logTime": "1024/043735", "correlationVector":"2jBZmtEYojGkEan1S3NMpM.1","action":"SyncServerConnectionManagerRequest", "result":"SYNC_SERVER_OK", "context":{"environment":"Prod_EastUS2_000e", "migrationStage":"NotStarted", "server":"GENERAL0100000B"}}
{"logTime": "1024/043735", "correlationVector":"2jBZmtEYojGkEan1S3NMpM.2","action":"Commit Response", "result":"SYNCER_OK", "context":Result: SYNCER_OK. cV=2jBZmtEYojGkEan1S3NMpM.0;server=GENERAL0100000B;cloudType=Consumer;environment=Prod_EastUS2_000e;migrationStage=NotStarted}
{"logTime": "1024/043845", "correlationVector":"lBex1diax6j15hN97c+N3L","action":"Commit Request", "result":"", "context":Item count: 1
Contributing types: Sessions}
{"logTime": "1024/043845", "correlationVector":"lBex1diax6j15hN97c+N3L.1","action":"SyncServerConnectionManagerRequest", "result":"SYNC_SERVER_OK", "context":{"environment":"Prod_EastUS2_000e", "migrationStage":"NotStarted", "server":"GENERAL01000036"}}
{"logTime": "1024/043845", "correlationVector":"lBex1diax6j15hN97c+N3L.2","action":"Commit Response", "result":"SYNCER_OK", "context":Result: SYNCER_OK. cV=lBex1diax6j15hN97c+N3L.0;server=GENERAL01000036;cloudType=Consumer;environment=Prod_EastUS2_000e;migrationStage=NotStarted}
{"logTime": "1024/043916", "correlationVector":"rRisfxJE2y3YuN/nn/qjPU","action":"Commit Request", "result":"", "context":Item count: 1
Contributing types: Sessions}
{"logTime": "1024/043916", "correlationVector":"rRisfxJE2y3YuN/nn/qjPU.1","action":"SyncServerConnectionManagerRequest", "result":"SYNC_SERVER_OK", "context":{"environment":"Prod_EastUS2_000e", "migrationStage":"NotStarted", "server":"GENERAL0100001S"}}
{"logTime": "1024/043916", "correlationVector":"rRisfxJE2y3YuN/nn/qjPU.2","action":"Commit Response", "result":"SYNCER_OK", "context":Result: SYNCER_OK. cV=rRisfxJE2y3YuN/nn/qjPU.0;server=GENERAL0100001S;cloudType=Consumer;environment=Prod_EastUS2_000e;migrationStage=NotStarted}
{"logTime": "1024/044023", "correlationVector":"tQcz/yCRDru7m59np6JABi","action":"Commit Request", "result":"", "context":Item count: 1
Contributing types: Sessions}
{"logTime": "1024/044023", "correlationVector":"tQcz/yCRDru7m59np6JABi.1","action":"SyncServerConnectionManagerRequest", "result":"SYNC_SERVER_OK", "context":{"environment":"Prod_EastUS2_000e", "migrationStage":"NotStarted", "server":"general0100002I"}}
{"logTime": "1024/044023", "correlationVector":"tQcz/yCRDru7m59np6JABi.2","action":"Commit Response", "result":"SYNCER_OK", "context":Result: SYNCER_OK. cV=tQcz/yCRDru7m59np6JABi.0;server=general0100002I;cloudType=Consumer;environment=Prod_EastUS2_000e;migrationStage=NotStarted}
{"logTime": "1024/044054", "correlationVector":"da8nIjNAlVLWLMG9FOmS++","action":"Commit Request", "result":"", "context":Item count: 1
Contributing types: Sessions}
{"logTime": "1024/044054", "correlationVector":"da8nIjNAlVLWLMG9FOmS++.1","action":"SyncServerConnectionManagerRequest", "result":"SYNC_SERVER_OK", "context":{"environment":"Prod_EastUS2_000e", "migrationStage":"NotStarted", "server":"general01000002"}}
{"logTime": "1024/044054", "correlationVector":"da8nIjNAlVLWLMG9FOmS++.2","action":"Commit Response", "result":"SYNCER_OK", "context":Result: SYNCER_OK. cV=da8nIjNAlVLWLMG9FOmS++.0;server=general01000002;cloudType=Consumer;environment=Prod_EastUS2_000e;migrationStage=NotStarted}
{"logTime": "1024/044323", "correlationVector":"+QWAmJkofhUntUB/SlS6rw","action":"Commit Request", "result":"", "context":Item count: 1
Contributing types: Sessions}
{"logTime": "1024/044323", "correlationVector":"+QWAmJkofhUntUB/SlS6rw.1","action":"SyncServerConnectionManagerRequest", "result":"SYNC_SERVER_OK", "context":{"environment":"Prod_EastUS2_000e", "migrationStage":"NotStarted", "server":"GENERAL0100002F"}}
{"logTime": "1024/044323", "correlationVector":"+QWAmJkofhUntUB/SlS6rw.2","action":"Commit Response", "result":"SYNCER_OK", "context":Result: SYNCER_OK. cV=+QWAmJkofhUntUB/SlS6rw.0;server=GENERAL0100002F;cloudType=Consumer;environment=Prod_EastUS2_000e;migrationStage=NotStarted}
{"logTime": "1024/044425", "correlationVector":"xy8AGxC/wVqjUl+RvpwJq0","action":"Commit Request", "result":"", "context":Item count: 1
Contributing types: Sessions}
{"logTime": "1024/044426", "correlationVector":"xy8AGxC/wVqjUl+RvpwJq0.1","action":"SyncServerConnectionManagerRequest", "result":"SYNC_SERVER_OK", "context":{"environment":"Prod_EastUS2_000e", "migrationStage":"NotStarted", "server":"GENERAL0100001H"}}
{"logTime": "1024/044426", "correlationVector":"xy8AGxC/wVqjUl+RvpwJq0.2","action":"Commit Response", "result":"SYNCER_OK", "context":Result: SYNCER_OK. cV=xy8AGxC/wVqjUl+RvpwJq0.0;server=GENERAL0100001H;cloudType=Consumer;environment=Prod_EastUS2_000e;migrationStage=NotStarted}
{"logTime": "1024/044515", "correlationVector":"sTBULrLKeCxHu5X4fPiUBO","action":"Commit Request", "result":"", "context":Item count: 1
Contributing types: Sessions}
{"logTime": "1024/044515", "correlationVector":"sTBULrLKeCxHu5X4fPiUBO.1","action":"SyncServerConnectionManagerRequest", "result":"SYNC_SERVER_OK", "context":{"environment":"Prod_EastUS2_000e", "migrationStage":"NotStarted", "server":"GENERAL01000036"}}
{"logTime": "1024/044515", "correlationVector":"sTBULrLKeCxHu5X4fPiUBO.2","action":"Commit Response", "result":"SYNCER_OK", "context":Result: SYNCER_OK. cV=sTBULrLKeCxHu5X4fPiUBO.0;server=GENERAL01000036;cloudType=Consumer;environment=Prod_EastUS2_000e;migrationStage=NotStarted}
{"logTime": "1024/200854", "correlationVector":"aLxvf7s3IBrz8IdNMu4gTv.0","action":"FeedSettingFetch_homeCloud", "result":"0", "context":{}}
{"logTime": "1024/200854", "correlationVector":"aLxvf7s3IBrz8IdNMu4gTv.0","action":"SyncServerConnectionManagerRequest", "result":"SYNC_SERVER_OK", "context":{"environment":"", "migrationStage":"", "server":""}}
{"logTime": "1024/200855", "correlationVector":"+We++6zZuyk/hdklQWavbB.1","action":"SyncServerConnectionManagerRequest", "result":"SYNC_SERVER_OK", "context":{"environment":"Prod_EastUS2_000e", "migrationStage":"NotStarted", "server":"GENERAL0100002P"}}
{"logTime": "1024/200855", "correlationVector":"+We++6zZuyk/hdklQWavbB","action":"Initial GetUpdates", "result":"", "context":Reason: NEW_CLIENT. cV=+We++6zZuyk/hdklQWavbB}
{"logTime": "1024/200855", "correlationVector":"+We++6zZuyk/hdklQWavbB.2","action":"GetUpdates Response", "result":"SYNCER_OK", "context":Received 1 update(s). cV=+We++6zZuyk/hdklQWavbB.0;server=GENERAL0100002P;cloudType=Consumer;environment=Prod_EastUS2_000e;migrationStage=NotStarted}
{"logTime": "1024/200855", "correlationVector":"BAzl88Tol2UF5FRm6fz7zb","action":"Initial GetUpdates", "result":"", "context":Reason: NEWLY_SUPPORTED_DATATYPE. cV=BAzl88Tol2UF5FRm6fz7zb}
{"logTime": "1024/200855", "correlationVector":"BAzl88Tol2UF5FRm6fz7zb.1","action":"SyncServerConnectionManagerRequest", "result":"SYNC_SERVER_OK", "context":{"environment":"Prod_EastUS2_000e", "migrationStage":"NotStarted", "server":"GENERAL0100001X"}}
{"logTime": "1024/200855", "correlationVector":"BAzl88Tol2UF5FRm6fz7zb.2","action":"GetUpdates Response", "result":"SYNCER_OK", "context":Received 111 update(s). cV=BAzl88Tol2UF5FRm6fz7zb.0;server=GENERAL0100001X;cloudType=Consumer;environment=Prod_EastUS2_000e;migrationStage=NotStarted}
{"logTime": "1024/200855", "correlationVector":"SA8s5QXV8jrvxlgyTW3HBg","action":"Normal GetUpdate request", "result":"", "context":cV=SA8s5QXV8jrvxlgyTW3HBg
Nudged types: Sessions, User Consents
Refresh requested types: Bookmarks, Preferences, Passwords, Autofill Profiles, Autofill, Autofill Custom Data, Typed URLs, Extensions, Sessions, Extension settings, History Delete Directives, Device Info, User Consents, Send Tab To Self, Web Apps, Collection, Edge E Drop, Edge Hub App Usage, Edge Wallet, Encryption Keys}
{"logTime": "1024/200855", "correlationVector":"SA8s5QXV8jrvxlgyTW3HBg.1","action":"SyncServerConnectionManagerRequest", "result":"SYNC_SERVER_OK", "context":{"environment":"Prod_EastUS2_000e", "migrationStage":"NotStarted", "server":"general0100002I"}}
{"logTime": "1024/200855", "correlationVector":"SA8s5QXV8jrvxlgyTW3HBg.2","action":"GetUpdates Response", "result":"SYNCER_OK", "context":Received 5 update(s). cV=SA8s5QXV8jrvxlgyTW3HBg.0;server=general0100002I;cloudType=Consumer;environment=Prod_EastUS2_000e;migrationStage=NotStarted}
{"logTime": "1024/200855", "correlationVector":"jNVq608BrSTNmp9Ix593Kx","action":"Commit Request", "result":"", "context":Item count: 4
Contributing types: Sessions, User Consents}
{"logTime": "1024/200855", "correlationVector":"jNVq608BrSTNmp9Ix593Kx.1","action":"SyncServerConnectionManagerRequest", "result":"SYNC_SERVER_OK", "context":{"environment":"Prod_EastUS2_000e", "migrationStage":"NotStarted", "server":"GENERAL0100001U"}}
{"logTime": "1024/200855", "correlationVector":"jNVq608BrSTNmp9Ix593Kx.3","action":"Commit.Sessions", "result":"Success", "context":{"id":"26506431-6a9c-47f9-be52-995fed842183", "isDeleted":"true", "size":"0", "version":"1698122715999"}}
{"logTime": "1024/200855", "correlationVector":"jNVq608BrSTNmp9Ix593Kx.2","action":"Commit Response", "result":"SYNCER_OK", "context":Result: SYNCER_OK. cV=jNVq608BrSTNmp9Ix593Kx.0;server=GENERAL0100001U;cloudType=Consumer;environment=Prod_EastUS2_000e;migrationStage=NotStarted}
{"logTime": "1024/200855", "correlationVector":"zMoE/mB4p3gWcJCACCKgn5","action":"Poll GetUpdate request", "result":"", "context":cV=zMoE/mB4p3gWcJCACCKgn5}
{"logTime": "1024/200855", "correlationVector":"zMoE/mB4p3gWcJCACCKgn5.1","action":"SyncServerConnectionManagerRequest", "result":"SYNC_SERVER_OK", "context":{"environment":"Prod_EastUS2_000e", "migrationStage":"NotStarted", "server":"GENERAL0100002N"}}
{"logTime": "1024/200855", "correlationVector":"zMoE/mB4p3gWcJCACCKgn5.2","action":"GetUpdates", "result":"DeleteReceived", "context":{"id":"26506431-6a9c-47f9-be52-995fed842183", "isDeleted:":"true", "version":"1698178087396"}}
{"logTime": "1024/200855", "correlationVector":"zMoE/mB4p3gWcJCACCKgn5.3","action":"GetUpdates Response", "result":"SYNCER_OK", "context":Received 3 update(s). cV=zMoE/mB4p3gWcJCACCKgn5.0;server=GENERAL0100002N;cloudType=Consumer;environment=Prod_EastUS2_000e;migrationStage=NotStarted}
{"logTime": "1024/200856", "correlationVector":"N4SqKxy6zY+uiKVOgDBsTY","action":"Normal GetUpdate request", "result":"", "context":cV=N4SqKxy6zY+uiKVOgDBsTY
Nudged types: Sessions}
{"logTime": "1024/200856", "correlationVector":"N4SqKxy6zY+uiKVOgDBsTY.1","action":"SyncServerConnectionManagerRequest", "result":"SYNC_SERVER_OK", "context":{"environment":"Prod_EastUS2_000e", "migrationStage":"NotStarted", "server":"GENERAL01000033"}}
{"logTime": "1024/200856", "correlationVector":"N4SqKxy6zY+uiKVOgDBsTY.2","action":"GetUpdates Response", "result":"SYNCER_OK", "context":Received 0 update(s). cV=N4SqKxy6zY+uiKVOgDBsTY.0;server=GENERAL01000033;cloudType=Consumer;environment=Prod_EastUS2_000e;migrationStage=NotStarted}
{"logTime": "1024/200856", "correlationVector":"kEbTGrC2BK3W/MUIrhOfUz","action":"Commit Request", "result":"", "context":Item count: 1
Contributing types: Sessions}
{"logTime": "1024/200856", "correlationVector":"kEbTGrC2BK3W/MUIrhOfUz.1","action":"SyncServerConnectionManagerRequest", "result":"SYNC_SERVER_OK", "context":{"environment":"Prod_EastUS_000w", "migrationStage":"NotStarted", "server":"GENERAL0100001C"}}
{"logTime": "1024/200856", "correlationVector":"kEbTGrC2BK3W/MUIrhOfUz.2","action":"Commit Response", "result":"SYNCER_OK", "context":Result: SYNCER_OK. cV=kEbTGrC2BK3W/MUIrhOfUz.0;server=GENERAL0100001C;cloudType=Consumer;environment=Prod_EastUS_000w;migrationStage=NotStarted}
{"logTime": "1024/200908", "correlationVector":"c4Ugq2qQXri62MrVvO2Jao","action":"Normal GetUpdate request", "result":"", "context":cV=c4Ugq2qQXri62MrVvO2Jao
Nudged types: Sessions}
{"logTime": "1024/200908", "correlationVector":"c4Ugq2qQXri62MrVvO2Jao.1","action":"SyncServerConnectionManagerRequest", "result":"SYNC_SERVER_OK", "context":{"environment":"Prod_EastUS2_000e", "migrationStage":"NotStarted", "server":"GENERAL01000014"}}
{"logTime": "1024/200908", "correlationVector":"c4Ugq2qQXri62MrVvO2Jao.2","action":"GetUpdates Response", "result":"SYNCER_OK", "context":Received 1 update(s). cV=c4Ugq2qQXri62MrVvO2Jao.0;server=GENERAL01000014;cloudType=Consumer;environment=Prod_EastUS2_000e;migrationStage=NotStarted}
{"logTime": "1024/200946", "correlationVector":"kDybT6HwfgAg9fmqnMnkau","action":"Commit Request", "result":"", "context":Item count: 1
Contributing types: Sessions}
{"logTime": "1024/200946", "correlationVector":"kDybT6HwfgAg9fmqnMnkau.1","action":"SyncServerConnectionManagerRequest", "result":"SYNC_SERVER_OK", "context":{"environment":"Prod_EastUS2_000e", "migrationStage":"NotStarted", "server":"GENERAL0100000O"}}
{"logTime": "1024/200946", "correlationVector":"kDybT6HwfgAg9fmqnMnkau.2","action":"Commit Response", "result":"SYNCER_OK", "context":Result: SYNCER_OK. cV=kDybT6HwfgAg9fmqnMnkau.0;server=GENERAL0100000O;cloudType=Consumer;environment=Prod_EastUS2_000e;migrationStage=NotStarted}
{"logTime": "1024/201223", "correlationVector":"BtReHgSlhRz4Zh2Mhhp2dR","action":"Commit Request", "result":"", "context":Item count: 1
Contributing types: Sessions}
{"logTime": "1024/201223", "correlationVector":"BtReHgSlhRz4Zh2Mhhp2dR.1","action":"SyncServerConnectionManagerRequest", "result":"SYNC_SERVER_OK", "context":{"environment":"Prod_EastUS_000w", "migrationStage":"NotStarted", "server":"GENERAL01000005"}}
{"logTime": "1024/201223", "correlationVector":"BtReHgSlhRz4Zh2Mhhp2dR.2","action":"Commit Response", "result":"SYNCER_OK", "context":Result: SYNCER_OK. cV=BtReHgSlhRz4Zh2Mhhp2dR.0;server=GENERAL01000005;cloudType=Consumer;environment=Prod_EastUS_000w;migrationStage=NotStarted}
{"logTime": "1024/201402", "correlationVector":"h6YsMNy793iiiJJvk3esoP","action":"Commit Request", "result":"", "context":Item count: 1
Contributing types: Sessions}
{"logTime": "1024/201402", "correlationVector":"h6YsMNy793iiiJJvk3esoP.1","action":"SyncServerConnectionManagerRequest", "result":"SYNC_SERVER_OK", "context":{"environment":"Prod_EastUS2_000e", "migrationStage":"NotStarted", "server":"GENERAL0100002L"}}
{"logTime": "1024/201402", "correlationVector":"h6YsMNy793iiiJJvk3esoP.2","action":"Commit Response", "result":"SYNCER_OK", "context":Result: SYNCER_OK. cV=h6YsMNy793iiiJJvk3esoP.0;server=GENERAL0100002L;cloudType=Consumer;environment=Prod_EastUS2_000e;migrationStage=NotStarted}
{"logTime": "1024/201434", "correlationVector":"q7Ah60PPVNOY5OwvY8Ndmb","action":"Commit Request", "result":"", "context":Item count: 1
Contributing types: Sessions}
{"logTime": "1024/201434", "correlationVector":"q7Ah60PPVNOY5OwvY8Ndmb.1","action":"SyncServerConnectionManagerRequest", "result":"SYNC_SERVER_OK", "context":{"environment":"Prod_EastUS2_000e", "migrationStage":"NotStarted", "server":"GENERAL0100001R"}}
{"logTime": "1024/201434", "correlationVector":"q7Ah60PPVNOY5OwvY8Ndmb.2","action":"Commit Response", "result":"SYNCER_OK", "context":Result: SYNCER_OK. cV=q7Ah60PPVNOY5OwvY8Ndmb.0;server=GENERAL0100001R;cloudType=Consumer;environment=Prod_EastUS2_000e;migrationStage=NotStarted}
{"logTime": "1024/201616", "correlationVector":"cjY2dL1AquVz0W20inULkg","action":"Commit Request", "result":"", "context":Item count: 1
Contributing types: Sessions}
{"logTime": "1024/201616", "correlationVector":"cjY2dL1AquVz0W20inULkg.1","action":"SyncServerConnectionManagerRequest", "result":"SYNC_SERVER_OK", "context":{"environment":"Prod_EastUS2_000e", "migrationStage":"NotStarted", "server":"GENERAL0100000E"}}
{"logTime": "1024/201616", "correlationVector":"cjY2dL1AquVz0W20inULkg.2","action":"Commit Response", "result":"SYNCER_OK", "context":Result: SYNCER_OK. cV=cjY2dL1AquVz0W20inULkg.0;server=GENERAL0100000E;cloudType=Consumer;environment=Prod_EastUS2_000e;migrationStage=NotStarted}
{"logTime": "1024/201726", "correlationVector":"69sgFmIAHyVMaRdY0d/xfq","action":"Commit Request", "result":"", "context":Item count: 1
Contributing types: Sessions}
{"logTime": "1024/201726", "correlationVector":"69sgFmIAHyVMaRdY0d/xfq.1","action":"SyncServerConnectionManagerRequest", "result":"SYNC_SERVER_OK", "context":{"environment":"Prod_EastUS2_000e", "migrationStage":"NotStarted", "server":"GENERAL01000033"}}
{"logTime": "1024/201726", "correlationVector":"69sgFmIAHyVMaRdY0d/xfq.2","action":"Commit Response", "result":"SYNCER_OK", "context":Result: SYNCER_OK. cV=69sgFmIAHyVMaRdY0d/xfq.0;server=GENERAL01000033;cloudType=Consumer;environment=Prod_EastUS2_000e;migrationStage=NotStarted}
{"logTime": "1024/201806", "correlationVector":"uPGfOQztRJzZ2u4Otn22zz","action":"Commit Request", "result":"", "context":Item count: 1
Contributing types: Sessions}
{"logTime": "1024/201807", "correlationVector":"uPGfOQztRJzZ2u4Otn22zz.1","action":"SyncServerConnectionManagerRequest", "result":"SYNC_SERVER_OK", "context":{"environment":"Prod_EastUS2_000e", "migrationStage":"NotStarted", "server":"GENERAL0100000G"}}
{"logTime": "1024/201807", "correlationVector":"uPGfOQztRJzZ2u4Otn22zz.2","action":"Commit Response", "result":"SYNCER_OK", "context":Result: SYNCER_OK. cV=uPGfOQztRJzZ2u4Otn22zz.0;server=GENERAL0100000G;cloudType=Consumer;environment=Prod_EastUS2_000e;migrationStage=NotStarted}
{"logTime": "1024/202138", "correlationVector":"VVyCcgA1SVXD/T3Uf8Ivki","action":"Commit Request", "result":"", "context":Item count: 1
Contributing types: Sessions}
{"logTime": "1024/202138", "correlationVector":"VVyCcgA1SVXD/T3Uf8Ivki.1","action":"SyncServerConnectionManagerRequest", "result":"SYNC_SERVER_OK", "context":{"environment":"Prod_EastUS2_000e", "migrationStage":"NotStarted", "server":"GENERAL0100000B"}}
{"logTime": "1024/202138", "correlationVector":"VVyCcgA1SVXD/T3Uf8Ivki.2","action":"Commit Response", "result":"SYNCER_OK", "context":Result: SYNCER_OK. cV=VVyCcgA1SVXD/T3Uf8Ivki.0;server=GENERAL0100000B;cloudType=Consumer;environment=Prod_EastUS2_000e;migrationStage=NotStarted}
{"logTime": "1024/202238", "correlationVector":"uTyLQIkQMpPbufDAHOx5Ro","action":"Commit Request", "result":"", "context":Item count: 1
Contributing types: Sessions}
{"logTime": "1024/202238", "correlationVector":"uTyLQIkQMpPbufDAHOx5Ro.1","action":"SyncServerConnectionManagerRequest", "result":"SYNC_SERVER_OK", "context":{"environment":"Prod_EastUS2_000e", "migrationStage":"NotStarted", "server":"GENERAL0100001I"}}
{"logTime": "1024/202238", "correlationVector":"uTyLQIkQMpPbufDAHOx5Ro.2","action":"Commit Response", "result":"SYNCER_OK", "context":Result: SYNCER_OK. cV=uTyLQIkQMpPbufDAHOx5Ro.0;server=GENERAL0100001I;cloudType=Consumer;environment=Prod_EastUS2_000e;migrationStage=NotStarted}
{"logTime": "1024/202338", "correlationVector":"J64t5+holMhJsN1UG5kH9i","action":"Commit Request", "result":"", "context":Item count: 1
Contributing types: Sessions}
{"logTime": "1024/202339", "correlationVector":"J64t5+holMhJsN1UG5kH9i.1","action":"SyncServerConnectionManagerRequest", "result":"SYNC_SERVER_OK", "context":{"environment":"Prod_EastUS2_000e", "migrationStage":"NotStarted", "server":"GENERAL0100002R"}}
{"logTime": "1024/202339", "correlationVector":"J64t5+holMhJsN1UG5kH9i.2","action":"Commit Response", "result":"SYNCER_OK", "context":Result: SYNCER_OK. cV=J64t5+holMhJsN1UG5kH9i.0;server=GENERAL0100002R;cloudType=Consumer;environment=Prod_EastUS2_000e;migrationStage=NotStarted}
{"logTime": "1024/202410", "correlationVector":"EUjT7Ne/SDtv51xn4m0QNI","action":"Commit Request", "result":"", "context":Item count: 1
Contributing types: Sessions}
{"logTime": "1024/202410", "correlationVector":"EUjT7Ne/SDtv51xn4m0QNI.1","action":"SyncServerConnectionManagerRequest", "result":"SYNC_SERVER_OK", "context":{"environment":"Prod_EastUS2_000e", "migrationStage":"NotStarted", "server":"GENERAL01000010"}}
{"logTime": "1024/202410", "correlationVector":"EUjT7Ne/SDtv51xn4m0QNI.2","action":"Commit Response", "result":"SYNCER_OK", "context":Result: SYNCER_OK. cV=EUjT7Ne/SDtv51xn4m0QNI.0;server=GENERAL01000010;cloudType=Consumer;environment=Prod_EastUS2_000e;migrationStage=NotStarted}
{"logTime": "1024/202511", "correlationVector":"zBcUrS0wTqerHMu2ionWpI","action":"Commit Request", "result":"", "context":Item count: 1
Contributing types: Sessions}
{"logTime": "1024/202512", "correlationVector":"zBcUrS0wTqerHMu2ionWpI.1","action":"SyncServerConnectionManagerRequest", "result":"SYNC_SERVER_OK", "context":{"environment":"Prod_EastUS2_000e", "migrationStage":"NotStarted", "server":"GENERAL0100001V"}}
{"logTime": "1024/202512", "correlationVector":"zBcUrS0wTqerHMu2ionWpI.2","action":"Commit Response", "result":"SYNCER_OK", "context":Result: SYNCER_OK. cV=zBcUrS0wTqerHMu2ionWpI.0;server=GENERAL0100001V;cloudType=Consumer;environment=Prod_EastUS2_000e;migrationStage=NotStarted}
{"logTime": "1024/204301", "correlationVector":"4QZqcdaTGJHLREODGXJHnK","action":"Commit Request", "result":"", "context":Item count: 1
Contributing types: Sessions}
{"logTime": "1024/204301", "correlationVector":"4QZqcdaTGJHLREODGXJHnK.1","action":"SyncServerConnectionManagerRequest", "result":"SYNC_SERVER_OK", "context":{"environment":"Prod_EastUS2_000e", "migrationStage":"NotStarted", "server":"GENERAL0100002G"}}
{"logTime": "1024/204301", "correlationVector":"4QZqcdaTGJHLREODGXJHnK.2","action":"Commit Response", "result":"SYNCER_OK", "context":Result: SYNCER_OK. cV=4QZqcdaTGJHLREODGXJHnK.0;server=GENERAL0100002G;cloudType=Consumer;environment=Prod_EastUS2_000e;migrationStage=NotStarted}
{"logTime": "1024/204331", "correlationVector":"Ca1xC21WBDpdRsV20bHtel","action":"Commit Request", "result":"", "context":Item count: 1
Contributing types: Sessions}
{"logTime": "1024/204331", "correlationVector":"Ca1xC21WBDpdRsV20bHtel.1","action":"SyncServerConnectionManagerRequest", "result":"SYNC_SERVER_OK", "context":{"environment":"Prod_EastUS_000w", "migrationStage":"NotStarted", "server":"GENERAL0100000Z"}}
{"logTime": "1024/204331", "correlationVector":"Ca1xC21WBDpdRsV20bHtel.2","action":"Commit Response", "result":"SYNCER_OK", "context":Result: SYNCER_OK. cV=Ca1xC21WBDpdRsV20bHtel.0;server=GENERAL0100000Z;cloudType=Consumer;environment=Prod_EastUS_000w;migrationStage=NotStarted}
{"logTime": "1024/210658", "correlationVector":"r2rhHyYxHHVaxWOnHqc4aF","action":"Commit Request", "result":"", "context":Item count: 1
Contributing types: Sessions}
{"logTime": "1024/210658", "correlationVector":"r2rhHyYxHHVaxWOnHqc4aF.1","action":"SyncServerConnectionManagerRequest", "result":"SYNC_SERVER_OK", "context":{"environment":"Prod_EastUS2_000e", "migrationStage":"NotStarted", "server":"GENERAL0100002T"}}
{"logTime": "1024/210658", "correlationVector":"r2rhHyYxHHVaxWOnHqc4aF.2","action":"Commit Response", "result":"SYNCER_OK", "context":Result: SYNCER_OK. cV=r2rhHyYxHHVaxWOnHqc4aF.0;server=GENERAL0100002T;cloudType=Consumer;environment=Prod_EastUS2_000e;migrationStage=NotStarted}
{"logTime": "1024/211017", "correlationVector":"w5bKU4YUKGxVdH7C8u6B1J","action":"Commit Request", "result":"", "context":Item count: 1
Contributing types: Sessions}
{"logTime": "1024/211017", "correlationVector":"w5bKU4YUKGxVdH7C8u6B1J.1","action":"SyncServerConnectionManagerRequest", "result":"SYNC_SERVER_OK", "context":{"environment":"Prod_EastUS2_000e", "migrationStage":"NotStarted", "server":"GENERAL0100001H"}}
{"logTime": "1024/211017", "correlationVector":"w5bKU4YUKGxVdH7C8u6B1J.2","action":"Commit Response", "result":"SYNCER_OK", "context":Result: SYNCER_OK. cV=w5bKU4YUKGxVdH7C8u6B1J.0;server=GENERAL0100001H;cloudType=Consumer;environment=Prod_EastUS2_000e;migrationStage=NotStarted}
{"logTime": "1024/211055", "correlationVector":"XjzOuB3nFI47qKk8ZlCXEu","action":"Commit Request", "result":"", "context":Item count: 1
Contributing types: Sessions}
{"logTime": "1024/211055", "correlationVector":"XjzOuB3nFI47qKk8ZlCXEu.1","action":"SyncServerConnectionManagerRequest", "result":"SYNC_SERVER_OK", "context":{"environment":"Prod_EastUS2_000e", "migrationStage":"NotStarted", "server":"GENERAL0100002C"}}
{"logTime": "1024/211055", "correlationVector":"XjzOuB3nFI47qKk8ZlCXEu.2","action":"Commit Response", "result":"SYNCER_OK", "context":Result: SYNCER_OK. cV=XjzOuB3nFI47qKk8ZlCXEu.0;server=GENERAL0100002C;cloudType=Consumer;environment=Prod_EastUS2_000e;migrationStage=NotStarted}
{"logTime": "1024/211731", "correlationVector":"ZzBaVJRbA3LO4QDsbbQwL3","action":"Commit Request", "result":"", "context":Item count: 1
Contributing types: Sessions}
{"logTime": "1024/211731", "correlationVector":"ZzBaVJRbA3LO4QDsbbQwL3.1","action":"SyncServerConnectionManagerRequest", "result":"SYNC_SERVER_OK", "context":{"environment":"Prod_EastUS2_000e", "migrationStage":"NotStarted", "server":"GENERAL0100002V"}}
{"logTime": "1024/211731", "correlationVector":"ZzBaVJRbA3LO4QDsbbQwL3.2","action":"Commit Response", "result":"SYNCER_OK", "context":Result: SYNCER_OK. cV=ZzBaVJRbA3LO4QDsbbQwL3.0;server=GENERAL0100002V;cloudType=Consumer;environment=Prod_EastUS2_000e;migrationStage=NotStarted}
{"logTime": "1024/212520", "correlationVector":"ZVNLIrRFQIkewgUXGDJH5U","action":"Commit Request", "result":"", "context":Item count: 1
Contributing types: Sessions}
{"logTime": "1024/212521", "correlationVector":"ZVNLIrRFQIkewgUXGDJH5U.1","action":"SyncServerConnectionManagerRequest", "result":"SYNC_SERVER_OK", "context":{"environment":"Prod_EastUS2_000e", "migrationStage":"NotStarted", "server":"GENERAL0100000F"}}
{"logTime": "1024/212521", "correlationVector":"ZVNLIrRFQIkewgUXGDJH5U.2","action":"Commit Response", "result":"SYNCER_OK", "context":Result: SYNCER_OK. cV=ZVNLIrRFQIkewgUXGDJH5U.0;server=GENERAL0100000F;cloudType=Consumer;environment=Prod_EastUS2_000e;migrationStage=NotStarted}
{"logTime": "1024/212619", "correlationVector":"X3bpK+tqsCQ6BUrlpV3WSH","action":"Commit Request", "result":"", "context":Item count: 1
Contributing types: Sessions}
{"logTime": "1024/212619", "correlationVector":"X3bpK+tqsCQ6BUrlpV3WSH.1","action":"SyncServerConnectionManagerRequest", "result":"SYNC_SERVER_OK", "context":{"environment":"Prod_EastUS2_000e", "migrationStage":"NotStarted", "server":"GENERAL0100002J"}}
{"logTime": "1024/212619", "correlationVector":"X3bpK+tqsCQ6BUrlpV3WSH.2","action":"Commit Response", "result":"SYNCER_OK", "context":Result: SYNCER_OK. cV=X3bpK+tqsCQ6BUrlpV3WSH.0;server=GENERAL0100002J;cloudType=Consumer;environment=Prod_EastUS2_000e;migrationStage=NotStarted}
{"logTime": "1024/212719", "correlationVector":"7e7doMPH+1Z+Sh2KDjx6ua","action":"Commit Request", "result":"", "context":Item count: 1
Contributing types: Sessions}
{"logTime": "1024/212719", "correlationVector":"7e7doMPH+1Z+Sh2KDjx6ua.1","action":"SyncServerConnectionManagerRequest", "result":"SYNC_SERVER_OK", "context":{"environment":"Prod_EastUS2_000e", "migrationStage":"NotStarted", "server":"GENERAL0100000F"}}
{"logTime": "1024/212719", "correlationVector":"7e7doMPH+1Z+Sh2KDjx6ua.2","action":"Commit Response", "result":"SYNCER_OK", "context":Result: SYNCER_OK. cV=7e7doMPH+1Z+Sh2KDjx6ua.0;server=GENERAL0100000F;cloudType=Consumer;environment=Prod_EastUS2_000e;migrationStage=NotStarted}
{"logTime": "1024/212813", "correlationVector":"LP/TzWXCWG3LOQqaHpNZqa","action":"Commit Request", "result":"", "context":Item count: 1
Contributing types: Sessions}
{"logTime": "1024/212813", "correlationVector":"LP/TzWXCWG3LOQqaHpNZqa.1","action":"SyncServerConnectionManagerRequest", "result":"SYNC_SERVER_OK", "context":{"environment":"Prod_EastUS2_000e", "migrationStage":"NotStarted", "server":"GENERAL0100000G"}}
{"logTime": "1024/212813", "correlationVector":"LP/TzWXCWG3LOQqaHpNZqa.2","action":"Commit Response", "result":"SYNCER_OK", "context":Result: SYNCER_OK. cV=LP/TzWXCWG3LOQqaHpNZqa.0;server=GENERAL0100000G;cloudType=Consumer;environment=Prod_EastUS2_000e;migrationStage=NotStarted}
{"logTime": "1024/213008", "correlationVector":"pk2jLvi65tGd/5ofVpNgAz","action":"Commit Request", "result":"", "context":Item count: 1
Contributing types: Sessions}
{"logTime": "1024/213008", "correlationVector":"pk2jLvi65tGd/5ofVpNgAz.1","action":"SyncServerConnectionManagerRequest", "result":"SYNC_SERVER_OK", "context":{"environment":"Prod_EastUS2_000e", "migrationStage":"NotStarted", "server":"GENERAL01000039"}}
{"logTime": "1024/213008", "correlationVector":"pk2jLvi65tGd/5ofVpNgAz.2","action":"Commit Response", "result":"SYNCER_OK", "context":Result: SYNCER_OK. cV=pk2jLvi65tGd/5ofVpNgAz.0;server=GENERAL01000039;cloudType=Consumer;environment=Prod_EastUS2_000e;migrationStage=NotStarted}
{"logTime": "1024/213522", "correlationVector":"gqX+b/jJZ9V5wIRfwQVlM1","action":"Commit Request", "result":"", "context":Item count: 1
Contributing types: Sessions}
{"logTime": "1024/213523", "correlationVector":"gqX+b/jJZ9V5wIRfwQVlM1.1","action":"SyncServerConnectionManagerRequest", "result":"SYNC_SERVER_OK", "context":{"environment":"Prod_EastUS2_000e", "migrationStage":"NotStarted", "server":"GENERAL0100000A"}}
{"logTime": "1024/213523", "correlationVector":"gqX+b/jJZ9V5wIRfwQVlM1.2","action":"Commit Response", "result":"SYNCER_OK", "context":Result: SYNCER_OK. cV=gqX+b/jJZ9V5wIRfwQVlM1.0;server=GENERAL0100000A;cloudType=Consumer;environment=Prod_EastUS2_000e;migrationStage=NotStarted}
{"logTime": "1024/213706", "correlationVector":"BQ3oK5anL2V4JvlloUcwwA","action":"Commit Request", "result":"", "context":Item count: 1
Contributing types: Sessions}
{"logTime": "1024/213706", "correlationVector":"BQ3oK5anL2V4JvlloUcwwA.1","action":"SyncServerConnectionManagerRequest", "result":"SYNC_SERVER_OK", "context":{"environment":"Prod_EastUS2_000e", "migrationStage":"NotStarted", "server":"GENERAL01000010"}}
{"logTime": "1024/213706", "correlationVector":"BQ3oK5anL2V4JvlloUcwwA.2","action":"Commit Response", "result":"SYNCER_OK", "context":Result: SYNCER_OK. cV=BQ3oK5anL2V4JvlloUcwwA.0;server=GENERAL01000010;cloudType=Consumer;environment=Prod_EastUS2_000e;migrationStage=NotStarted}
{"logTime": "1024/213825", "correlationVector":"2XLRuwDuGoFPt6VVgHEKI2","action":"Commit Request", "result":"", "context":Item count: 1
Contributing types: Sessions}
{"logTime": "1024/213825", "correlationVector":"2XLRuwDuGoFPt6VVgHEKI2.1","action":"SyncServerConnectionManagerRequest", "result":"SYNC_SERVER_OK", "context":{"environment":"Prod_EastUS2_000e", "migrationStage":"NotStarted", "server":"GENERAL0100000G"}}
{"logTime": "1024/213825", "correlationVector":"2XLRuwDuGoFPt6VVgHEKI2.2","action":"Commit Response", "result":"SYNCER_OK", "context":Result: SYNCER_OK. cV=2XLRuwDuGoFPt6VVgHEKI2.0;server=GENERAL0100000G;cloudType=Consumer;environment=Prod_EastUS2_000e;migrationStage=NotStarted}
{"logTime": "1024/214231", "correlationVector":"zyKUHCbXVko4sdi9WVUX3z","action":"Commit Request", "result":"", "context":Item count: 1
Contributing types: Sessions}
{"logTime": "1024/214232", "correlationVector":"zyKUHCbXVko4sdi9WVUX3z.1","action":"SyncServerConnectionManagerRequest", "result":"SYNC_SERVER_OK", "context":{"environment":"Prod_EastUS2_000e", "migrationStage":"NotStarted", "server":"GENERAL01000015"}}
{"logTime": "1024/214232", "correlationVector":"zyKUHCbXVko4sdi9WVUX3z.2","action":"Commit Response", "result":"SYNCER_OK", "context":Result: SYNCER_OK. cV=zyKUHCbXVko4sdi9WVUX3z.0;server=GENERAL01000015;cloudType=Consumer;environment=Prod_EastUS2_000e;migrationStage=NotStarted}
{"logTime": "1101/212016", "correlationVector":"sJ9epSCpy6923vKhBEgXIc.0","action":"FeedSettingFetch_homeCloud", "result":"0", "context":{}}
{"logTime": "1101/212026", "correlationVector":"sJ9epSCpy6923vKhBEgXIc.0","action":"SyncServerConnectionManagerRequest", "result":"SYNC_SERVER_OK", "context":{"environment":"", "migrationStage":"", "server":""}}
{"logTime": "1101/212030", "correlationVector":"WXMCv10t72GVsXQrqNrFMP.1","action":"SyncServerConnectionManagerRequest", "result":"SYNC_SERVER_OK", "context":{"environment":"Prod_EastUS2_000e", "migrationStage":"NotStarted", "server":"GENERAL0100002A"}}
{"logTime": "1101/212031", "correlationVector":"WXMCv10t72GVsXQrqNrFMP","action":"Initial GetUpdates", "result":"", "context":Reason: NEW_CLIENT. cV=WXMCv10t72GVsXQrqNrFMP}
{"logTime": "1101/212031", "correlationVector":"WXMCv10t72GVsXQrqNrFMP.2","action":"GetUpdates Response", "result":"SYNCER_OK", "context":Received 1 update(s). cV=WXMCv10t72GVsXQrqNrFMP.0;server=GENERAL0100002A;cloudType=Consumer;environment=Prod_EastUS2_000e;migrationStage=NotStarted}
{"logTime": "1101/212033", "correlationVector":"VZp4vLIoobu6ZeMi6f4Bao","action":"Initial GetUpdates", "result":"", "context":Reason: NEWLY_SUPPORTED_DATATYPE. cV=VZp4vLIoobu6ZeMi6f4Bao}
{"logTime": "1101/212039", "correlationVector":"VZp4vLIoobu6ZeMi6f4Bao.1","action":"SyncServerConnectionManagerRequest", "result":"SYNC_SERVER_OK", "context":{"environment":"Prod_EastUS2_000e", "migrationStage":"NotStarted", "server":"GENERAL0100000P"}}
{"logTime": "1101/212040", "correlationVector":"VZp4vLIoobu6ZeMi6f4Bao.2","action":"GetUpdates Response", "result":"SYNCER_OK", "context":Received 111 update(s). cV=VZp4vLIoobu6ZeMi6f4Bao.0;server=GENERAL0100000P;cloudType=Consumer;environment=Prod_EastUS2_000e;migrationStage=NotStarted}
{"logTime": "1101/212043", "correlationVector":"9/MwaCIkjWZAxQg9FjCHFH","action":"Normal GetUpdate request", "result":"", "context":cV=9/MwaCIkjWZAxQg9FjCHFH
Nudged types: Sessions, Device Info, User Consents
Refresh requested types: Bookmarks, Preferences, Passwords, Autofill Profiles, Autofill, Autofill Custom Data, Typed URLs, Extensions, Sessions, Extension settings, History Delete Directives, Device Info, User Consents, Send Tab To Self, Web Apps, Collection, Edge E Drop, Edge Hub App Usage, Edge Wallet, Encryption Keys}
{"logTime": "1101/212043", "correlationVector":"9/MwaCIkjWZAxQg9FjCHFH.1","action":"SyncServerConnectionManagerRequest", "result":"SYNC_SERVER_OK", "context":{"environment":"Prod_EastUS2_000e", "migrationStage":"NotStarted", "server":"GENERAL01000009"}}
{"logTime": "1101/212044", "correlationVector":"9/MwaCIkjWZAxQg9FjCHFH.2","action":"GetUpdates Response", "result":"SYNCER_OK", "context":Received 22 update(s). cV=9/MwaCIkjWZAxQg9FjCHFH.0;server=GENERAL01000009;cloudType=Consumer;environment=Prod_EastUS2_000e;migrationStage=NotStarted}
{"logTime": "1101/212103", "correlationVector":"w8tV+wbpuz+jFzfWYwwflg","action":"Commit Request", "result":"", "context":Item count: 1
Contributing types: Device Info}
{"logTime": "1101/212104", "correlationVector":"w8tV+wbpuz+jFzfWYwwflg.1","action":"SyncServerConnectionManagerRequest", "result":"SYNC_SERVER_OK", "context":{"environment":"Prod_EastUS2_000e", "migrationStage":"NotStarted", "server":"GENERAL0100001R"}}
{"logTime": "1101/212104", "correlationVector":"w8tV+wbpuz+jFzfWYwwflg.2","action":"Commit Response", "result":"SYNCER_OK", "context":Result: SYNCER_OK. cV=w8tV+wbpuz+jFzfWYwwflg.0;server=GENERAL0100001R;cloudType=Consumer;environment=Prod_EastUS2_000e;migrationStage=NotStarted}
{"logTime": "1101/212123", "correlationVector":"weuhb1HkguCkkd6EXT15rA","action":"Commit Request", "result":"", "context":Item count: 6
Contributing types: Sessions, User Consents}
{"logTime": "1101/212123", "correlationVector":"weuhb1HkguCkkd6EXT15rA.1","action":"SyncServerConnectionManagerRequest", "result":"SYNC_SERVER_OK", "context":{"environment":"Prod_EastUS2_000e", "migrationStage":"NotStarted", "server":"GENERAL0100002Y"}}
{"logTime": "1101/212123", "correlationVector":"weuhb1HkguCkkd6EXT15rA.3","action":"Commit.Sessions", "result":"Success", "context":{"id":"e532c821-647d-4b5d-a51a-82fcebe098a9", "isDeleted":"true", "size":"0", "version":"1698183753527"}}
{"logTime": "1101/212124", "correlationVector":"weuhb1HkguCkkd6EXT15rA.2","action":"Commit Response", "result":"SYNCER_OK", "context":Result: SYNCER_OK. cV=weuhb1HkguCkkd6EXT15rA.0;server=GENERAL0100002Y;cloudType=Consumer;environment=Prod_EastUS2_000e;migrationStage=NotStarted}
{"logTime": "1101/212124", "correlationVector":"weuhb1HkguCkkd6EXT15rA.4","action":"Commit.Sessions", "result":"Success", "context":{"id":"23dbabe7-8cba-40c5-b9a8-0a93082dc875", "isDeleted":"true", "size":"0", "version":"1697596047414"}}
{"logTime": "1101/212124", "correlationVector":"weuhb1HkguCkkd6EXT15rA.5","action":"Commit.Sessions", "result":"Success", "context":{"id":"2dfecb2b-904f-4789-9ab8-e26202b05583", "isDeleted":"true", "size":"0", "version":"1697596047415"}}
{"logTime": "1101/212124", "correlationVector":"T2dhqIu2bCvf6YgaxjOp2a","action":"Poll GetUpdate request", "result":"", "context":cV=T2dhqIu2bCvf6YgaxjOp2a}
{"logTime": "1101/212125", "correlationVector":"T2dhqIu2bCvf6YgaxjOp2a.1","action":"SyncServerConnectionManagerRequest", "result":"SYNC_SERVER_OK", "context":{"environment":"Prod_EastUS2_000e", "migrationStage":"NotStarted", "server":"GENERAL0100003C"}}
{"logTime": "1101/212125", "correlationVector":"T2dhqIu2bCvf6YgaxjOp2a.2","action":"GetUpdates", "result":"DeleteReceived", "context":{"id":"e532c821-647d-4b5d-a51a-82fcebe098a9", "isDeleted:":"true", "version":"1698873606509"}}
{"logTime": "1101/212125", "correlationVector":"T2dhqIu2bCvf6YgaxjOp2a.3","action":"GetUpdates", "result":"DeleteReceived", "context":{"id":"23dbabe7-8cba-40c5-b9a8-0a93082dc875", "isDeleted:":"true", "version":"1698873606510"}}
{"logTime": "1101/212125", "correlationVector":"T2dhqIu2bCvf6YgaxjOp2a.4","action":"GetUpdates", "result":"DeleteReceived", "context":{"id":"2dfecb2b-904f-4789-9ab8-e26202b05583", "isDeleted:":"true", "version":"1698873606511"}}
{"logTime": "1101/212126", "correlationVector":"T2dhqIu2bCvf6YgaxjOp2a.5","action":"GetUpdates Response", "result":"SYNCER_OK", "context":Received 6 update(s). cV=T2dhqIu2bCvf6YgaxjOp2a.0;server=GENERAL0100003C;cloudType=Consumer;environment=Prod_EastUS2_000e;migrationStage=NotStarted}
{"logTime": "1101/212126", "correlationVector":"MB9D1ruPQtmt1XqAPWbaOU","action":"Commit Request", "result":"", "context":Item count: 1
Contributing types: Sessions}
{"logTime": "1101/212127", "correlationVector":"MB9D1ruPQtmt1XqAPWbaOU.1","action":"SyncServerConnectionManagerRequest", "result":"SYNC_SERVER_OK", "context":{"environment":"Prod_EastUS2_000e", "migrationStage":"NotStarted", "server":"GENERAL01000007"}}
{"logTime": "1101/212127", "correlationVector":"MB9D1ruPQtmt1XqAPWbaOU.2","action":"Commit Response", "result":"SYNCER_OK", "context":Result: SYNCER_OK. cV=MB9D1ruPQtmt1XqAPWbaOU.0;server=GENERAL01000007;cloudType=Consumer;environment=Prod_EastUS2_000e;migrationStage=NotStarted}
{"logTime": "1101/212127", "correlationVector":"jAAyy2pySetnC4HLMHgBmu","action":"Commit Request", "result":"", "context":Item count: 20
Contributing types: Passwords}
{"logTime": "1101/212127", "correlationVector":"jAAyy2pySetnC4HLMHgBmu.1","action":"SyncServerConnectionManagerRequest", "result":"SYNC_SERVER_OK", "context":{"environment":"Prod_EastUS2_000e", "migrationStage":"NotStarted", "server":"GENERAL01000039"}}
{"logTime": "1101/212128", "correlationVector":"jAAyy2pySetnC4HLMHgBmu.2","action":"Commit Response", "result":"SYNCER_OK", "context":Result: SYNCER_OK. cV=jAAyy2pySetnC4HLMHgBmu.0;server=GENERAL01000039;cloudType=Consumer;environment=Prod_EastUS2_000e;migrationStage=NotStarted}
{"logTime": "1101/212128", "correlationVector":"FVEObGOvGG27llFlwqj8l+","action":"Commit Request", "result":"", "context":Item count: 20
Contributing types: Passwords}
{"logTime": "1101/212129", "correlationVector":"FVEObGOvGG27llFlwqj8l+.1","action":"SyncServerConnectionManagerRequest", "result":"SYNC_SERVER_OK", "context":{"environment":"Prod_EastUS2_000e", "migrationStage":"NotStarted", "server":"GENERAL0100001R"}}
{"logTime": "1101/212129", "correlationVector":"FVEObGOvGG27llFlwqj8l+.2","action":"Commit Response", "result":"SYNCER_OK", "context":Result: SYNCER_OK. cV=FVEObGOvGG27llFlwqj8l+.0;server=GENERAL0100001R;cloudType=Consumer;environment=Prod_EastUS2_000e;migrationStage=NotStarted}
{"logTime": "1101/212129", "correlationVector":"K7t0C2OsOB4N/Ts8gtQNs3","action":"Commit Request", "result":"", "context":Item count: 20
Contributing types: Passwords}
{"logTime": "1101/212130", "correlationVector":"K7t0C2OsOB4N/Ts8gtQNs3.1","action":"SyncServerConnectionManagerRequest", "result":"SYNC_SERVER_OK", "context":{"environment":"Prod_EastUS2_000e", "migrationStage":"NotStarted", "server":"GENERAL0100002Z"}}
{"logTime": "1101/212130", "correlationVector":"K7t0C2OsOB4N/Ts8gtQNs3.2","action":"Commit Response", "result":"SYNCER_OK", "context":Result: SYNCER_OK. cV=K7t0C2OsOB4N/Ts8gtQNs3.0;server=GENERAL0100002Z;cloudType=Consumer;environment=Prod_EastUS2_000e;migrationStage=NotStarted}
{"logTime": "1101/212130", "correlationVector":"8NCZzRcmS9h4hlpn+6+Xfi","action":"Commit Request", "result":"", "context":Item count: 1
Contributing types: Preferences}
{"logTime": "1101/212132", "correlationVector":"8NCZzRcmS9h4hlpn+6+Xfi.1","action":"SyncServerConnectionManagerRequest", "result":"SYNC_SERVER_OK", "context":{"environment":"Prod_EastUS2_000e", "migrationStage":"NotStarted", "server":"GENERAL0100001H"}}
{"logTime": "1101/212132", "correlationVector":"8NCZzRcmS9h4hlpn+6+Xfi.2","action":"Commit Response", "result":"SYNCER_OK", "context":Result: SYNCER_OK. cV=8NCZzRcmS9h4hlpn+6+Xfi.0;server=GENERAL0100001H;cloudType=Consumer;environment=Prod_EastUS2_000e;migrationStage=NotStarted}
{"logTime": "1101/212147", "correlationVector":"URSkX7YKPL+wNAFBn22eVV","action":"Commit Request", "result":"", "context":Item count: 1
Contributing types: Sessions}
{"logTime": "1101/212148", "correlationVector":"URSkX7YKPL+wNAFBn22eVV.1","action":"SyncServerConnectionManagerRequest", "result":"SYNC_SERVER_OK", "context":{"environment":"Prod_EastUS2_000e", "migrationStage":"NotStarted", "server":"general0100000K"}}
{"logTime": "1101/212148", "correlationVector":"URSkX7YKPL+wNAFBn22eVV.2","action":"Commit Response", "result":"SYNCER_OK", "context":Result: SYNCER_OK. cV=URSkX7YKPL+wNAFBn22eVV.0;server=general0100000K;cloudType=Consumer;environment=Prod_EastUS2_000e;migrationStage=NotStarted}
{"logTime": "1101/212204", "correlationVector":"aBsZZXBDwKg9BonvRaVGx6","action":"Commit Request", "result":"", "context":Item count: 1
Contributing types: Edge Hub App Usage}
{"logTime": "1101/212204", "correlationVector":"aBsZZXBDwKg9BonvRaVGx6.1","action":"SyncServerConnectionManagerRequest", "result":"SYNC_SERVER_OK", "context":{"environment":"Prod_EastUS2_000e", "migrationStage":"NotStarted", "server":"GENERAL01000024"}}
{"logTime": "1101/212204", "correlationVector":"aBsZZXBDwKg9BonvRaVGx6.2","action":"Commit Response", "result":"SYNCER_OK", "context":Result: SYNCER_OK. cV=aBsZZXBDwKg9BonvRaVGx6.0;server=GENERAL01000024;cloudType=Consumer;environment=Prod_EastUS2_000e;migrationStage=NotStarted}
{"logTime": "1101/213733", "correlationVector":"ZlPmCfnRJWOvrXTM6huteQ","action":"Commit Request", "result":"", "context":Item count: 1
Contributing types: Sessions}
{"logTime": "1101/213734", "correlationVector":"ZlPmCfnRJWOvrXTM6huteQ.1","action":"SyncServerConnectionManagerRequest", "result":"SYNC_SERVER_OK", "context":{"environment":"Prod_EastUS2_000e", "migrationStage":"NotStarted", "server":"GENERAL01000028"}}
{"logTime": "1101/213734", "correlationVector":"ZlPmCfnRJWOvrXTM6huteQ.2","action":"Commit Response", "result":"SYNCER_OK", "context":Result: SYNCER_OK. cV=ZlPmCfnRJWOvrXTM6huteQ.0;server=GENERAL01000028;cloudType=Consumer;environment=Prod_EastUS2_000e;migrationStage=NotStarted}
{"logTime": "1101/213837", "correlationVector":"pDUl8CjqlcYdhjbzpsfd0+","action":"Commit Request", "result":"", "context":Item count: 1
Contributing types: Sessions}
{"logTime": "1101/213837", "correlationVector":"pDUl8CjqlcYdhjbzpsfd0+.1","action":"SyncServerConnectionManagerRequest", "result":"SYNC_SERVER_OK", "context":{"environment":"Prod_EastUS2_000e", "migrationStage":"NotStarted", "server":"GENERAL01000015"}}
{"logTime": "1101/213837", "correlationVector":"pDUl8CjqlcYdhjbzpsfd0+.2","action":"Commit Response", "result":"SYNCER_OK", "context":Result: SYNCER_OK. cV=pDUl8CjqlcYdhjbzpsfd0+.0;server=GENERAL01000015;cloudType=Consumer;environment=Prod_EastUS2_000e;migrationStage=NotStarted}
{"logTime": "1101/214608", "correlationVector":"RBAfRi/ikDxEuBT+TFqcAX","action":"Commit Request", "result":"", "context":Item count: 1
Contributing types: Sessions}
{"logTime": "1101/214608", "correlationVector":"RBAfRi/ikDxEuBT+TFqcAX.1","action":"SyncServerConnectionManagerRequest", "result":"SYNC_SERVER_OK", "context":{"environment":"Prod_EastUS2_000e", "migrationStage":"NotStarted", "server":"GENERAL01000027"}}
{"logTime": "1101/214608", "correlationVector":"RBAfRi/ikDxEuBT+TFqcAX.2","action":"Commit Response", "result":"SYNCER_OK", "context":Result: SYNCER_OK. cV=RBAfRi/ikDxEuBT+TFqcAX.0;server=GENERAL01000027;cloudType=Consumer;environment=Prod_EastUS2_000e;migrationStage=NotStarted}
{"logTime": "1101/214726", "correlationVector":"lYi4V+y/JnepWxa4b67zV2","action":"Commit Request", "result":"", "context":Item count: 1
Contributing types: Sessions}
{"logTime": "1101/214726", "correlationVector":"lYi4V+y/JnepWxa4b67zV2.1","action":"SyncServerConnectionManagerRequest", "result":"SYNC_SERVER_OK", "context":{"environment":"Prod_EastUS2_000e", "migrationStage":"NotStarted", "server":"GENERAL0100000U"}}
{"logTime": "1101/214726", "correlationVector":"lYi4V+y/JnepWxa4b67zV2.2","action":"Commit Response", "result":"SYNCER_OK", "context":Result: SYNCER_OK. cV=lYi4V+y/JnepWxa4b67zV2.0;server=GENERAL0100000U;cloudType=Consumer;environment=Prod_EastUS2_000e;migrationStage=NotStarted}
{"logTime": "1101/215427", "correlationVector":"E2R27S51n+qrFdkmCyQI+b","action":"Commit Request", "result":"", "context":Item count: 1
Contributing types: Sessions}
{"logTime": "1101/215428", "correlationVector":"E2R27S51n+qrFdkmCyQI+b.1","action":"SyncServerConnectionManagerRequest", "result":"SYNC_SERVER_OK", "context":{"environment":"Prod_EastUS2_000e", "migrationStage":"NotStarted", "server":"general01000019"}}
{"logTime": "1101/215428", "correlationVector":"E2R27S51n+qrFdkmCyQI+b.2","action":"Commit Response", "result":"SYNCER_OK", "context":Result: SYNCER_OK. cV=E2R27S51n+qrFdkmCyQI+b.0;server=general01000019;cloudType=Consumer;environment=Prod_EastUS2_000e;migrationStage=NotStarted}
{"logTime": "1101/215524", "correlationVector":"rp4IheqCUp4ZNGvowWf23k","action":"Commit Request", "result":"", "context":Item count: 1
Contributing types: Sessions}
{"logTime": "1101/215524", "correlationVector":"rp4IheqCUp4ZNGvowWf23k.1","action":"SyncServerConnectionManagerRequest", "result":"SYNC_SERVER_OK", "context":{"environment":"Prod_EastUS2_000e", "migrationStage":"NotStarted", "server":"GENERAL0100001M"}}
{"logTime": "1101/215524", "correlationVector":"rp4IheqCUp4ZNGvowWf23k.2","action":"Commit Response", "result":"SYNCER_OK", "context":Result: SYNCER_OK. cV=rp4IheqCUp4ZNGvowWf23k.0;server=GENERAL0100001M;cloudType=Consumer;environment=Prod_EastUS2_000e;migrationStage=NotStarted}
{"logTime": "1101/220011", "correlationVector":"tPpiOvsej4HIeYI3CDCcFr","action":"Commit Request", "result":"", "context":Item count: 1
Contributing types: Sessions}
{"logTime": "1101/220011", "correlationVector":"tPpiOvsej4HIeYI3CDCcFr.1","action":"SyncServerConnectionManagerRequest", "result":"SYNC_SERVER_OK", "context":{"environment":"Prod_EastUS2_000e", "migrationStage":"NotStarted", "server":"GENERAL01000021"}}
{"logTime": "1101/220011", "correlationVector":"tPpiOvsej4HIeYI3CDCcFr.2","action":"Commit Response", "result":"SYNCER_OK", "context":Result: SYNCER_OK. cV=tPpiOvsej4HIeYI3CDCcFr.0;server=GENERAL01000021;cloudType=Consumer;environment=Prod_EastUS2_000e;migrationStage=NotStarted}
{"logTime": "1101/220133", "correlationVector":"sBTk/pfeqqgrt0Hphj79Qm","action":"Commit Request", "result":"", "context":Item count: 1
Contributing types: Sessions}
{"logTime": "1101/220134", "correlationVector":"sBTk/pfeqqgrt0Hphj79Qm.1","action":"SyncServerConnectionManagerRequest", "result":"SYNC_SERVER_OK", "context":{"environment":"Prod_EastUS2_000e", "migrationStage":"NotStarted", "server":"GENERAL01000034"}}
{"logTime": "1101/220134", "correlationVector":"sBTk/pfeqqgrt0Hphj79Qm.2","action":"Commit Response", "result":"SYNCER_OK", "context":Result: SYNCER_OK. cV=sBTk/pfeqqgrt0Hphj79Qm.0;server=GENERAL01000034;cloudType=Consumer;environment=Prod_EastUS2_000e;migrationStage=NotStarted}
{"logTime": "1101/220216", "correlationVector":"kVFEVV8lappq98UevCw4i7","action":"Commit Request", "result":"", "context":Item count: 1
Contributing types: Sessions}
{"logTime": "1101/220217", "correlationVector":"kVFEVV8lappq98UevCw4i7.1","action":"SyncServerConnectionManagerRequest", "result":"SYNC_SERVER_OK", "context":{"environment":"Prod_EastUS2_000e", "migrationStage":"NotStarted", "server":"GENERAL0100001T"}}
{"logTime": "1101/220217", "correlationVector":"kVFEVV8lappq98UevCw4i7.2","action":"Commit Response", "result":"SYNCER_OK", "context":Result: SYNCER_OK. cV=kVFEVV8lappq98UevCw4i7.0;server=GENERAL0100001T;cloudType=Consumer;environment=Prod_EastUS2_000e;migrationStage=NotStarted}
{"logTime": "1101/220709", "correlationVector":"5efFz/ToNEAV03yZWykOqC","action":"Commit Request", "result":"", "context":Item count: 1
Contributing types: Sessions}
{"logTime": "1101/220710", "correlationVector":"5efFz/ToNEAV03yZWykOqC.1","action":"SyncServerConnectionManagerRequest", "result":"SYNC_SERVER_OK", "context":{"environment":"Prod_EastUS2_000e", "migrationStage":"NotStarted", "server":"GENERAL01000006"}}
{"logTime": "1101/220710", "correlationVector":"5efFz/ToNEAV03yZWykOqC.2","action":"Commit Response", "result":"SYNCER_OK", "context":Result: SYNCER_OK. cV=5efFz/ToNEAV03yZWykOqC.0;server=GENERAL01000006;cloudType=Consumer;environment=Prod_EastUS2_000e;migrationStage=NotStarted}
{"logTime": "1101/220958", "correlationVector":"yl9LoGGPovz6A91a2lGp4c","action":"Commit Request", "result":"", "context":Item count: 1
Contributing types: Sessions}
{"logTime": "1101/220958", "correlationVector":"yl9LoGGPovz6A91a2lGp4c.1","action":"SyncServerConnectionManagerRequest", "result":"SYNC_SERVER_OK", "context":{"environment":"Prod_EastUS2_000e", "migrationStage":"NotStarted", "server":"general0100000K"}}
{"logTime": "1101/220958", "correlationVector":"yl9LoGGPovz6A91a2lGp4c.2","action":"Commit Response", "result":"SYNCER_OK", "context":Result: SYNCER_OK. cV=yl9LoGGPovz6A91a2lGp4c.0;server=general0100000K;cloudType=Consumer;environment=Prod_EastUS2_000e;migrationStage=NotStarted}
